#
# There is insufficient memory for the Java Runtime Environment to continue.
# Native memory allocation (mmap) failed to map 73924608 bytes for committing reserved memory.
# Possible reasons:
#   The system is out of physical RAM or swap space
#   The process is running with CompressedOops enabled, and the Java Heap may be blocking the growth of the native heap
# Possible solutions:
#   Reduce memory load on the system
#   Increase physical memory or swap space
#   Check if swap backing store is full
#   Decrease Java heap size (-Xmx/-Xms)
#   Decrease number of Java threads
#   Decrease Java thread stack sizes (-Xss)
#   Set larger code cache with -XX:ReservedCodeCacheSize=
#   JVM is running with Unscaled Compressed Oops mode in which the Java heap is
#     placed in the first 4GB address space. The Java Heap base address is the
#     maximum limit for the native heap growth. Please use -XX:HeapBaseMinAddress
#     to set the Java Heap base and to place the Java Heap above 4GB virtual address.
# This output file may be truncated or incomplete.
#
#  Out of Memory Error (os_linux.cpp:2754), pid=9086, tid=0x00007fe45c6a6700
#
# JRE version: OpenJDK Runtime Environment (8.0_222-b10) (build 1.8.0_222-b10)
# Java VM: OpenJDK 64-Bit Server VM (25.222-b10 mixed mode linux-amd64 compressed oops)
# Failed to write core dump. Core dumps have been disabled. To enable core dumping, try "ulimit -c unlimited" before starting Java again
#

---------------  T H R E A D  ---------------

Current thread (0x00007fe470140000):  VMThread [stack: 0x00007fe45c5a7000,0x00007fe45c6a7000] [id=9094]

Stack: [0x00007fe45c5a7000,0x00007fe45c6a7000],  sp=0x00007fe45c6a5460,  free space=1017k
Native frames: (J=compiled Java code, j=interpreted, Vv=VM code, C=native code)
V  [libjvm.so+0x9f707d]  VMError::report_and_die()+0x15d
V  [libjvm.so+0x4bfdfa]  report_vm_out_of_memory(char const*, int, unsigned long, VMErrorType, char const*)+0x8a
V  [libjvm.so+0x85e988]  os::pd_commit_memory(char*, unsigned long, unsigned long, bool)+0xd8
V  [libjvm.so+0x85625f]  os::commit_memory(char*, unsigned long, unsigned long, bool)+0x1f
V  [libjvm.so+0x8cff5b]  PSVirtualSpace::expand_by(unsigned long)+0x5b
V  [libjvm.so+0x8d0bb0]  PSYoungGen::resize_generation(unsigned long, unsigned long)+0xb0
V  [libjvm.so+0x8d0ecb]  PSYoungGen::resize(unsigned long, unsigned long)+0x1b
V  [libjvm.so+0x8cd63b]  PSScavenge::invoke_no_policy()+0xdab
V  [libjvm.so+0x8c7150]  PSParallelCompact::invoke(bool)+0x40
V  [libjvm.so+0x44ce73]  CollectedHeap::collect_as_vm_thread(GCCause::Cause)+0x143
V  [libjvm.so+0x9f84c1]  VM_CollectForMetadataAllocation::doit()+0x141
V  [libjvm.so+0x9fd017]  VM_Operation::evaluate()+0x47
V  [libjvm.so+0x9fb9f8]  VMThread::evaluate_operation(VM_Operation*)+0x218
V  [libjvm.so+0x9fbe59]  VMThread::loop()+0x219
V  [libjvm.so+0x9fc2b3]  VMThread::run()+0x83
V  [libjvm.so+0x85ba92]  java_start(Thread*)+0xf2

VM_Operation (0x00007fe455550120): CollectForMetadataAllocation, mode: safepoint, requested by thread 0x00007fe3f8005000


---------------  P R O C E S S  ---------------

Java Threads: ( => current thread )
  0x00007fe3f8005000 JavaThread "RunLevelControllerThread-1574388884859" daemon [_thread_blocked, id=9114, stack(0x00007fe455451000,0x00007fe455552000)]
  0x00007fe3f8003800 JavaThread "RunLevelControllerThread-1574388884859" daemon [_thread_blocked, id=9113, stack(0x00007fe455552000,0x00007fe455653000)]
  0x00007fe3f8002000 JavaThread "RunLevelControllerThread-1574388884840" daemon [_thread_blocked, id=9112, stack(0x00007fe455653000,0x00007fe455754000)]
  0x00007fe47191a800 JavaThread "RunLevelControllerThread-1574388884809" daemon [_thread_blocked, id=9111, stack(0x00007fe455754000,0x00007fe455855000)]
  0x00007fe41c002800 JavaThread "pool-5-thread-1" daemon [_thread_blocked, id=9110, stack(0x00007fe455a55000,0x00007fe455b56000)]
  0x00007fe414003800 JavaThread "pool-6-thread-1" daemon [_thread_blocked, id=9109, stack(0x00007fe455b56000,0x00007fe455c57000)]
  0x00007fe410004000 JavaThread "pool-4-thread-1" daemon [_thread_blocked, id=9108, stack(0x00007fe455c57000,0x00007fe455d58000)]
  0x00007fe4718e0000 JavaThread "pool-3-thread-1" daemon [_thread_blocked, id=9107, stack(0x00007fe455d58000,0x00007fe455e59000)]
  0x00007fe4718de000 JavaThread "pool-2-thread-1" daemon [_thread_blocked, id=9106, stack(0x00007fe455e59000,0x00007fe455f5a000)]
  0x00007fe4718dc800 JavaThread "pool-1-thread-1" daemon [_thread_blocked, id=9105, stack(0x00007fe455f5a000,0x00007fe45605b000)]
  0x00007fe47166e800 JavaThread "Timer-0" daemon [_thread_blocked, id=9103, stack(0x00007fe45645d000,0x00007fe45655e000)]
  0x00007fe470190000 JavaThread "Service Thread" daemon [_thread_blocked, id=9101, stack(0x00007fe45742f000,0x00007fe457530000)]
  0x00007fe470185000 JavaThread "C1 CompilerThread2" daemon [_thread_blocked, id=9100, stack(0x00007fe457531000,0x00007fe457631000)]
  0x00007fe470183000 JavaThread "C2 CompilerThread1" daemon [_thread_blocked, id=9099, stack(0x00007fe45c0a2000,0x00007fe45c1a2000)]
  0x00007fe470180000 JavaThread "C2 CompilerThread0" daemon [_thread_blocked, id=9098, stack(0x00007fe45c1a3000,0x00007fe45c2a3000)]
  0x00007fe47017e800 JavaThread "Signal Dispatcher" daemon [_thread_blocked, id=9097, stack(0x00007fe45c2a3000,0x00007fe45c3a4000)]
  0x00007fe47014c000 JavaThread "Finalizer" daemon [_thread_blocked, id=9096, stack(0x00007fe45c3a4000,0x00007fe45c4a5000)]
  0x00007fe470149800 JavaThread "Reference Handler" daemon [_thread_blocked, id=9095, stack(0x00007fe45c4a5000,0x00007fe45c5a6000)]
  0x00007fe47000b000 JavaThread "main" [_thread_blocked, id=9088, stack(0x00007fe476898000,0x00007fe476998000)]

Other Threads:
=>0x00007fe470140000 VMThread [stack: 0x00007fe45c5a7000,0x00007fe45c6a7000] [id=9094]
  0x00007fe470192800 WatcherThread [stack: 0x00007fe45732f000,0x00007fe45742f000] [id=9102]

VM state:at safepoint (normal execution)

VM Mutex/Monitor currently owned by a thread:  ([mutex/lock_event])
[0x00007fe470007aa0] Threads_lock - owner thread: 0x00007fe470140000
[0x00007fe470007fa0] Heap_lock - owner thread: 0x00007fe3f8005000
[0x00007fe470008520] MethodData_lock - owner thread: 0x00007fe3f8005000

heap address: 0x00000000c5800000, size: 936 MB, Compressed Oops mode: 32-bit
Narrow klass base: 0x0000000000000000, Narrow klass shift: 3
Compressed class space size: 1073741824 Address: 0x0000000100000000

Heap:
 PSYoungGen      total 133632K, used 5205K [0x00000000ec800000, 0x00000000f5600000, 0x0000000100000000)
  eden space 121856K, 0% used [0x00000000ec800000,0x00000000ec800000,0x00000000f3f00000)
  from space 11776K, 44% used [0x00000000f3f00000,0x00000000f44157d8,0x00000000f4a80000)
  to   space 11776K, 0% used [0x00000000f4a80000,0x00000000f4a80000,0x00000000f5600000)
 ParOldGen       total 40960K, used 16284K [0x00000000c5800000, 0x00000000c8000000, 0x00000000ec800000)
  object space 40960K, 39% used [0x00000000c5800000,0x00000000c67e71e0,0x00000000c8000000)
 Metaspace       used 20736K, capacity 21160K, committed 21296K, reserved 1069056K
  class space    used 2479K, capacity 2618K, committed 2688K, reserved 1048576K

Card table byte_map: [0x00007fe460423000,0x00007fe4605f8000] byte_map_base: 0x00007fe45fdf7000

Marking Bits: (ParMarkBitMap*) 0x00007fe475d2e6e0
 Begin Bits: [0x00007fe45e1a7000, 0x00007fe45f047000)
 End Bits:   [0x00007fe45f047000, 0x00007fe45fee7000)

Polling page: 0x00007fe4769ae000

CodeCache: size=245760Kb used=7835Kb max_used=8661Kb free=237924Kb
 bounds [0x00007fe4609b8000, 0x00007fe461238000, 0x00007fe46f9b8000]
 total_blobs=2845 nmethods=2444 adapters=313
 compilation: enabled

Compilation events (10 events):
Event: 9.198 Thread 0x00007fe470185000 nmethod 2714 0x00007fe460be9d90 code [0x00007fe460be9fe0, 0x00007fe460beb0d8]
Event: 9.198 Thread 0x00007fe470185000 2715       3       org.jvnet.tiger_types.Types$3::onClass (10 bytes)
Event: 9.199 Thread 0x00007fe470185000 nmethod 2715 0x00007fe460ae8490 code [0x00007fe460ae8600, 0x00007fe460ae8910]
Event: 9.199 Thread 0x00007fe470185000 2716       3       org.jvnet.tiger_types.Types$3::onClass (2 bytes)
Event: 9.199 Thread 0x00007fe470185000 nmethod 2716 0x00007fe460ad7210 code [0x00007fe460ad7360, 0x00007fe460ad74b0]
Event: 9.199 Thread 0x00007fe470185000 2717       3       org.jvnet.hk2.config.ConfigBean::getter (33 bytes)
Event: 9.199 Thread 0x00007fe470185000 nmethod 2717 0x00007fe460aca590 code [0x00007fe460aca740, 0x00007fe460acada8]
Event: 9.199 Thread 0x00007fe470185000 2722   !   3       org.glassfish.config.support.TranslatedConfigView::getTranslatedValue (530 bytes)
Event: 9.210 Thread 0x00007fe470185000 nmethod 2722 0x00007fe460d6f9d0 code [0x00007fe460d70260, 0x00007fe460d76828]
Event: 9.210 Thread 0x00007fe470185000 2724       3       org.glassfish.hk2.runlevel.utilities.Utilities::getRunLevelValue (155 bytes)

GC Heap History (10 events):
Event: 2.243 GC heap after
Heap after GC invocations=4 (full 0):
 PSYoungGen      total 33280K, used 2558K [0x00000000ec800000, 0x00000000eeb00000, 0x0000000100000000)
  eden space 30720K, 0% used [0x00000000ec800000,0x00000000ec800000,0x00000000ee600000)
  from space 2560K, 99% used [0x00000000ee880000,0x00000000eeaff980,0x00000000eeb00000)
  to   space 2560K, 0% used [0x00000000ee600000,0x00000000ee600000,0x00000000ee880000)
 ParOldGen       total 40960K, used 3967K [0x00000000c5800000, 0x00000000c8000000, 0x00000000ec800000)
  object space 40960K, 9% used [0x00000000c5800000,0x00000000c5bdfcd8,0x00000000c8000000)
 Metaspace       used 6361K, capacity 6600K, committed 6656K, reserved 1056768K
  class space    used 677K, capacity 732K, committed 768K, reserved 1048576K
}
Event: 3.120 GC heap before
{Heap before GC invocations=5 (full 0):
 PSYoungGen      total 33280K, used 33278K [0x00000000ec800000, 0x00000000eeb00000, 0x0000000100000000)
  eden space 30720K, 100% used [0x00000000ec800000,0x00000000ee600000,0x00000000ee600000)
  from space 2560K, 99% used [0x00000000ee880000,0x00000000eeaff980,0x00000000eeb00000)
  to   space 2560K, 0% used [0x00000000ee600000,0x00000000ee600000,0x00000000ee880000)
 ParOldGen       total 40960K, used 3967K [0x00000000c5800000, 0x00000000c8000000, 0x00000000ec800000)
  object space 40960K, 9% used [0x00000000c5800000,0x00000000c5bdfcd8,0x00000000c8000000)
 Metaspace       used 9423K, capacity 9644K, committed 9856K, reserved 1058816K
  class space    used 1064K, capacity 1122K, committed 1152K, reserved 1048576K
Event: 3.130 GC heap after
Heap after GC invocations=5 (full 0):
 PSYoungGen      total 33280K, used 2541K [0x00000000ec800000, 0x00000000f1500000, 0x0000000100000000)
  eden space 30720K, 0% used [0x00000000ec800000,0x00000000ec800000,0x00000000ee600000)
  from space 2560K, 99% used [0x00000000ee600000,0x00000000ee87b540,0x00000000ee880000)
  to   space 8704K, 0% used [0x00000000f0c80000,0x00000000f0c80000,0x00000000f1500000)
 ParOldGen       total 40960K, used 10049K [0x00000000c5800000, 0x00000000c8000000, 0x00000000ec800000)
  object space 40960K, 24% used [0x00000000c5800000,0x00000000c61d0728,0x00000000c8000000)
 Metaspace       used 9423K, capacity 9644K, committed 9856K, reserved 1058816K
  class space    used 1064K, capacity 1122K, committed 1152K, reserved 1048576K
}
Event: 3.741 GC heap before
{Heap before GC invocations=6 (full 0):
 PSYoungGen      total 33280K, used 33261K [0x00000000ec800000, 0x00000000f1500000, 0x0000000100000000)
  eden space 30720K, 100% used [0x00000000ec800000,0x00000000ee600000,0x00000000ee600000)
  from space 2560K, 99% used [0x00000000ee600000,0x00000000ee87b540,0x00000000ee880000)
  to   space 8704K, 0% used [0x00000000f0c80000,0x00000000f0c80000,0x00000000f1500000)
 ParOldGen       total 40960K, used 10049K [0x00000000c5800000, 0x00000000c8000000, 0x00000000ec800000)
  object space 40960K, 24% used [0x00000000c5800000,0x00000000c61d0728,0x00000000c8000000)
 Metaspace       used 10879K, capacity 11090K, committed 11392K, reserved 1058816K
  class space    used 1289K, capacity 1347K, committed 1408K, reserved 1048576K
Event: 3.750 GC heap after
Heap after GC invocations=6 (full 0):
 PSYoungGen      total 69632K, used 6262K [0x00000000ec800000, 0x00000000f1600000, 0x0000000100000000)
  eden space 60928K, 0% used [0x00000000ec800000,0x00000000ec800000,0x00000000f0380000)
  from space 8704K, 71% used [0x00000000f0c80000,0x00000000f129db28,0x00000000f1500000)
  to   space 9216K, 0% used [0x00000000f0380000,0x00000000f0380000,0x00000000f0c80000)
 ParOldGen       total 40960K, used 10057K [0x00000000c5800000, 0x00000000c8000000, 0x00000000ec800000)
  object space 40960K, 24% used [0x00000000c5800000,0x00000000c61d2728,0x00000000c8000000)
 Metaspace       used 10879K, capacity 11090K, committed 11392K, reserved 1058816K
  class space    used 1289K, capacity 1347K, committed 1408K, reserved 1048576K
}
Event: 5.396 GC heap before
{Heap before GC invocations=7 (full 0):
 PSYoungGen      total 69632K, used 67190K [0x00000000ec800000, 0x00000000f1600000, 0x0000000100000000)
  eden space 60928K, 100% used [0x00000000ec800000,0x00000000f0380000,0x00000000f0380000)
  from space 8704K, 71% used [0x00000000f0c80000,0x00000000f129db28,0x00000000f1500000)
  to   space 9216K, 0% used [0x00000000f0380000,0x00000000f0380000,0x00000000f0c80000)
 ParOldGen       total 40960K, used 10057K [0x00000000c5800000, 0x00000000c8000000, 0x00000000ec800000)
  object space 40960K, 24% used [0x00000000c5800000,0x00000000c61d2728,0x00000000c8000000)
 Metaspace       used 17724K, capacity 18116K, committed 18432K, reserved 1064960K
  class space    used 2166K, capacity 2274K, committed 2304K, reserved 1048576K
Event: 5.431 GC heap after
Heap after GC invocations=7 (full 0):
 PSYoungGen      total 70144K, used 9199K [0x00000000ec800000, 0x00000000f5600000, 0x0000000100000000)
  eden space 60928K, 0% used [0x00000000ec800000,0x00000000ec800000,0x00000000f0380000)
  from space 9216K, 99% used [0x00000000f0380000,0x00000000f0c7beb0,0x00000000f0c80000)
  to   space 11776K, 0% used [0x00000000f4a80000,0x00000000f4a80000,0x00000000f5600000)
 ParOldGen       total 40960K, used 12246K [0x00000000c5800000, 0x00000000c8000000, 0x00000000ec800000)
  object space 40960K, 29% used [0x00000000c5800000,0x00000000c63f58c0,0x00000000c8000000)
 Metaspace       used 17724K, capacity 18116K, committed 18432K, reserved 1064960K
  class space    used 2166K, capacity 2274K, committed 2304K, reserved 1048576K
}
Event: 6.711 GC heap before
{Heap before GC invocations=8 (full 0):
 PSYoungGen      total 70144K, used 70067K [0x00000000ec800000, 0x00000000f5600000, 0x0000000100000000)
  eden space 60928K, 99% used [0x00000000ec800000,0x00000000f0370db8,0x00000000f0380000)
  from space 9216K, 99% used [0x00000000f0380000,0x00000000f0c7beb0,0x00000000f0c80000)
  to   space 11776K, 0% used [0x00000000f4a80000,0x00000000f4a80000,0x00000000f5600000)
 ParOldGen       total 40960K, used 12246K [0x00000000c5800000, 0x00000000c8000000, 0x00000000ec800000)
  object space 40960K, 29% used [0x00000000c5800000,0x00000000c63f58c0,0x00000000c8000000)
 Metaspace       used 19394K, capacity 19836K, committed 19968K, reserved 1067008K
  class space    used 2346K, capacity 2456K, committed 2560K, reserved 1048576K
Event: 6.750 GC heap after
Heap after GC invocations=8 (full 0):
 PSYoungGen      total 133632K, used 6740K [0x00000000ec800000, 0x00000000f5600000, 0x0000000100000000)
  eden space 121856K, 0% used [0x00000000ec800000,0x00000000ec800000,0x00000000f3f00000)
  from space 11776K, 57% used [0x00000000f4a80000,0x00000000f51151a0,0x00000000f5600000)
  to   space 11776K, 0% used [0x00000000f3f00000,0x00000000f3f00000,0x00000000f4a80000)
 ParOldGen       total 40960K, used 13283K [0x00000000c5800000, 0x00000000c8000000, 0x00000000ec800000)
  object space 40960K, 32% used [0x00000000c5800000,0x00000000c64f8fe8,0x00000000c8000000)
 Metaspace       used 19394K, capacity 19836K, committed 19968K, reserved 1067008K
  class space    used 2346K, capacity 2456K, committed 2560K, reserved 1048576K
}
Event: 9.211 GC heap before
{Heap before GC invocations=9 (full 0):
 PSYoungGen      total 133632K, used 39717K [0x00000000ec800000, 0x00000000f5600000, 0x0000000100000000)
  eden space 121856K, 27% used [0x00000000ec800000,0x00000000ee834330,0x00000000f3f00000)
  from space 11776K, 57% used [0x00000000f4a80000,0x00000000f51151a0,0x00000000f5600000)
  to   space 11776K, 0% used [0x00000000f3f00000,0x00000000f3f00000,0x00000000f4a80000)
 ParOldGen       total 40960K, used 13283K [0x00000000c5800000, 0x00000000c8000000, 0x00000000ec800000)
  object space 40960K, 32% used [0x00000000c5800000,0x00000000c64f8fe8,0x00000000c8000000)
 Metaspace       used 20736K, capacity 21160K, committed 21296K, reserved 1069056K
  class space    used 2479K, capacity 2618K, committed 2688K, reserved 1048576K

Deoptimization events (10 events):
Event: 5.949 Thread 0x00007fe41c002800 Uncommon trap: reason=bimorphic action=maybe_recompile pc=0x00007fe4610a7ecc method=java.lang.ClassLoader.loadClass(Ljava/lang/String;Z)Ljava/lang/Class; @ 38
Event: 6.050 Thread 0x00007fe41c002800 Uncommon trap: reason=unstable_if action=reinterpret pc=0x00007fe460ea7450 method=java.util.concurrent.locks.AbstractQueuedSynchronizer.doReleaseShared()V @ 6
Event: 6.122 Thread 0x00007fe47000b000 Uncommon trap: reason=bimorphic action=maybe_recompile pc=0x00007fe4610a7ecc method=java.lang.ClassLoader.loadClass(Ljava/lang/String;Z)Ljava/lang/Class; @ 38
Event: 6.518 Thread 0x00007fe47000b000 Uncommon trap: reason=class_check action=maybe_recompile pc=0x00007fe46119a964 method=java.lang.reflect.Executable.getAnnotation(Ljava/lang/Class;)Ljava/lang/annotation/Annotation; @ 19
Event: 6.521 Thread 0x00007fe47000b000 Uncommon trap: reason=class_check action=maybe_recompile pc=0x00007fe46119a964 method=java.lang.reflect.Executable.getAnnotation(Ljava/lang/Class;)Ljava/lang/annotation/Annotation; @ 19
Event: 6.521 Thread 0x00007fe47000b000 Uncommon trap: reason=class_check action=maybe_recompile pc=0x00007fe46119a964 method=java.lang.reflect.Executable.getAnnotation(Ljava/lang/Class;)Ljava/lang/annotation/Annotation; @ 19
Event: 6.521 Thread 0x00007fe47000b000 Uncommon trap: reason=class_check action=maybe_recompile pc=0x00007fe46119a964 method=java.lang.reflect.Executable.getAnnotation(Ljava/lang/Class;)Ljava/lang/annotation/Annotation; @ 19
Event: 7.010 Thread 0x00007fe3f8005000 Uncommon trap: reason=bimorphic action=maybe_recompile pc=0x00007fe4610a7ecc method=java.lang.ClassLoader.loadClass(Ljava/lang/String;Z)Ljava/lang/Class; @ 38
Event: 7.018 Thread 0x00007fe3f8005000 Uncommon trap: reason=unstable_if action=reinterpret pc=0x00007fe46108fc84 method=java.util.concurrent.ConcurrentHashMap.putVal(Ljava/lang/Object;Ljava/lang/Object;Z)Ljava/lang/Object; @ 181
Event: 7.020 Thread 0x00007fe3f8005000 Uncommon trap: reason=bimorphic action=maybe_recompile pc=0x00007fe4610a7ecc method=java.lang.ClassLoader.loadClass(Ljava/lang/String;Z)Ljava/lang/Class; @ 38

Classes redefined (0 events):
No events

Internal exceptions (10 events):
Event: 4.516 Thread 0x00007fe47000b000 Exception <a 'java/security/PrivilegedActionException'> (0x00000000ee3f7a60) thrown at [/home/jenkins/workspace/build-scripts/jobs/jdk8u/jdk8u-linux-x64-hotspot/workspace/build/src/hotspot/src/share/vm/prims/jvm.cpp, line 1502]
Event: 4.516 Thread 0x00007fe47000b000 Exception <a 'java/security/PrivilegedActionException'> (0x00000000ee3f7e58) thrown at [/home/jenkins/workspace/build-scripts/jobs/jdk8u/jdk8u-linux-x64-hotspot/workspace/build/src/hotspot/src/share/vm/prims/jvm.cpp, line 1502]
Event: 5.217 Thread 0x00007fe47000b000 Exception <a 'java/lang/NoSuchMethodError': java.lang.Object.lambda$andThen$1(Ljava/util/function/Function;Ljava/lang/Object;)Ljava/lang/Object;> (0x00000000eff5d740) thrown at [/home/jenkins/workspace/build-scripts/jobs/jdk8u/jdk8u-linux-x64-hotspot/work
Event: 5.388 Thread 0x00007fe47000b000 Exception <a 'java/security/PrivilegedActionException'> (0x00000000f03679d0) thrown at [/home/jenkins/workspace/build-scripts/jobs/jdk8u/jdk8u-linux-x64-hotspot/workspace/build/src/hotspot/src/share/vm/prims/jvm.cpp, line 1502]
Event: 5.388 Thread 0x00007fe47000b000 Exception <a 'java/security/PrivilegedActionException'> (0x00000000f0367dc8) thrown at [/home/jenkins/workspace/build-scripts/jobs/jdk8u/jdk8u-linux-x64-hotspot/workspace/build/src/hotspot/src/share/vm/prims/jvm.cpp, line 1502]
Event: 5.389 Thread 0x00007fe47000b000 Exception <a 'java/security/PrivilegedActionException'> (0x00000000f0378b50) thrown at [/home/jenkins/workspace/build-scripts/jobs/jdk8u/jdk8u-linux-x64-hotspot/workspace/build/src/hotspot/src/share/vm/prims/jvm.cpp, line 1502]
Event: 5.389 Thread 0x00007fe47000b000 Exception <a 'java/security/PrivilegedActionException'> (0x00000000f0378f48) thrown at [/home/jenkins/workspace/build-scripts/jobs/jdk8u/jdk8u-linux-x64-hotspot/workspace/build/src/hotspot/src/share/vm/prims/jvm.cpp, line 1502]
Event: 5.919 Thread 0x00007fe4718de000 Implicit null exception at 0x00007fe46108baf2 to 0x00007fe46108c131
Event: 6.247 Thread 0x00007fe47000b000 Exception <a 'java/io/FileNotFoundException'> (0x00000000ed26ead8) thrown at [/home/jenkins/workspace/build-scripts/jobs/jdk8u/jdk8u-linux-x64-hotspot/workspace/build/src/hotspot/src/share/vm/prims/jni.cpp, line 710]
Event: 7.161 Thread 0x00007fe3f8002000 Exception <a 'java/io/FileNotFoundException'> (0x00000000edb73a78) thrown at [/home/jenkins/workspace/build-scripts/jobs/jdk8u/jdk8u-linux-x64-hotspot/workspace/build/src/hotspot/src/share/vm/prims/jni.cpp, line 710]

Events (10 events):
Event: 9.156 loading class com/sun/enterprise/config/modularity/annotation/CustomConfiguration done
Event: 9.170 Executing VM operation: RevokeBias
Event: 9.182 Executing VM operation: RevokeBias done
Event: 9.189 loading class org/glassfish/resourcebase/resources/util/ResourceUtil
Event: 9.189 loading class org/glassfish/resourcebase/resources/util/ResourceUtil done
Event: 9.199 loading class org/glassfish/api/FutureProvider
Event: 9.199 loading class org/glassfish/api/FutureProvider done
Event: 9.204 Executing VM operation: RevokeBias
Event: 9.204 Executing VM operation: RevokeBias done
Event: 9.211 Executing VM operation: CollectForMetadataAllocation


Dynamic libraries:
00400000-00401000 r-xp 00000000 08:01 525445                             /usr/local/jdk8u222-b10/bin/java
00600000-00601000 r--p 00000000 08:01 525445                             /usr/local/jdk8u222-b10/bin/java
00601000-00602000 rw-p 00001000 08:01 525445                             /usr/local/jdk8u222-b10/bin/java
01e3e000-01e5f000 rw-p 00000000 00:00 0                                  [heap]
c5800000-c8000000 rw-p 00000000 00:00 0 
c8000000-ec800000 ---p 00000000 00:00 0 
ec800000-f5600000 rw-p 00000000 00:00 0 
f9c80000-100000000 ---p 00000000 00:00 0 
100000000-1002a0000 rw-p 00000000 00:00 0 
1002a0000-140000000 ---p 00000000 00:00 0 
7fe3f0000000-7fe3f0021000 rw-p 00000000 00:00 0 
7fe3f0021000-7fe3f4000000 ---p 00000000 00:00 0 
7fe3f4000000-7fe3f4285000 rw-p 00000000 00:00 0 
7fe3f4285000-7fe3f8000000 ---p 00000000 00:00 0 
7fe3f8000000-7fe3f8021000 rw-p 00000000 00:00 0 
7fe3f8021000-7fe3fc000000 ---p 00000000 00:00 0 
7fe3fc000000-7fe3fc079000 rw-p 00000000 00:00 0 
7fe3fc079000-7fe400000000 ---p 00000000 00:00 0 
7fe400000000-7fe400021000 rw-p 00000000 00:00 0 
7fe400021000-7fe404000000 ---p 00000000 00:00 0 
7fe404000000-7fe404021000 rw-p 00000000 00:00 0 
7fe404021000-7fe408000000 ---p 00000000 00:00 0 
7fe408000000-7fe408021000 rw-p 00000000 00:00 0 
7fe408021000-7fe40c000000 ---p 00000000 00:00 0 
7fe410000000-7fe410021000 rw-p 00000000 00:00 0 
7fe410021000-7fe414000000 ---p 00000000 00:00 0 
7fe414000000-7fe414021000 rw-p 00000000 00:00 0 
7fe414021000-7fe418000000 ---p 00000000 00:00 0 
7fe418000000-7fe418021000 rw-p 00000000 00:00 0 
7fe418021000-7fe41c000000 ---p 00000000 00:00 0 
7fe41c000000-7fe41c021000 rw-p 00000000 00:00 0 
7fe41c021000-7fe420000000 ---p 00000000 00:00 0 
7fe420000000-7fe420021000 rw-p 00000000 00:00 0 
7fe420021000-7fe424000000 ---p 00000000 00:00 0 
7fe424000000-7fe424021000 rw-p 00000000 00:00 0 
7fe424021000-7fe428000000 ---p 00000000 00:00 0 
7fe428000000-7fe428898000 rw-p 00000000 00:00 0 
7fe428898000-7fe42c000000 ---p 00000000 00:00 0 
7fe42c000000-7fe42c3dd000 rw-p 00000000 00:00 0 
7fe42c3dd000-7fe430000000 ---p 00000000 00:00 0 
7fe430000000-7fe430021000 rw-p 00000000 00:00 0 
7fe430021000-7fe434000000 ---p 00000000 00:00 0 
7fe434000000-7fe43462d000 rw-p 00000000 00:00 0 
7fe43462d000-7fe438000000 ---p 00000000 00:00 0 
7fe438000000-7fe438021000 rw-p 00000000 00:00 0 
7fe438021000-7fe43c000000 ---p 00000000 00:00 0 
7fe43c000000-7fe43c021000 rw-p 00000000 00:00 0 
7fe43c021000-7fe440000000 ---p 00000000 00:00 0 
7fe440000000-7fe440021000 rw-p 00000000 00:00 0 
7fe440021000-7fe444000000 ---p 00000000 00:00 0 
7fe444000000-7fe444277000 rw-p 00000000 00:00 0 
7fe444277000-7fe448000000 ---p 00000000 00:00 0 
7fe448000000-7fe448021000 rw-p 00000000 00:00 0 
7fe448021000-7fe44c000000 ---p 00000000 00:00 0 
7fe450000000-7fe450021000 rw-p 00000000 00:00 0 
7fe450021000-7fe454000000 ---p 00000000 00:00 0 
7fe455251000-7fe45527d000 rw-p 00000000 00:00 0 
7fe45527d000-7fe455451000 ---p 00000000 00:00 0 
7fe455451000-7fe455454000 ---p 00000000 00:00 0 
7fe455454000-7fe455552000 rw-p 00000000 00:00 0 
7fe455552000-7fe455555000 ---p 00000000 00:00 0 
7fe455555000-7fe455653000 rw-p 00000000 00:00 0 
7fe455653000-7fe455656000 ---p 00000000 00:00 0 
7fe455656000-7fe455754000 rw-p 00000000 00:00 0 
7fe455754000-7fe455757000 ---p 00000000 00:00 0 
7fe455757000-7fe455a55000 rw-p 00000000 00:00 0 
7fe455a55000-7fe455a58000 ---p 00000000 00:00 0 
7fe455a58000-7fe455b56000 rw-p 00000000 00:00 0 
7fe455b56000-7fe455b59000 ---p 00000000 00:00 0 
7fe455b59000-7fe455c57000 rw-p 00000000 00:00 0 
7fe455c57000-7fe455c5a000 ---p 00000000 00:00 0 
7fe455c5a000-7fe455d58000 rw-p 00000000 00:00 0 
7fe455d58000-7fe455d5b000 ---p 00000000 00:00 0 
7fe455d5b000-7fe455e59000 rw-p 00000000 00:00 0 
7fe455e59000-7fe455e5c000 ---p 00000000 00:00 0 
7fe455e5c000-7fe455f5a000 rw-p 00000000 00:00 0 
7fe455f5a000-7fe455f5d000 ---p 00000000 00:00 0 
7fe455f5d000-7fe45625b000 rw-p 00000000 00:00 0 
7fe45625b000-7fe45625d000 r--s 00016000 08:01 525133                     /usr/local/jdk8u222-b10/jre/lib/jce.jar
7fe45625d000-7fe45645d000 rw-p 00000000 00:00 0 
7fe45645d000-7fe456460000 ---p 00000000 00:00 0 
7fe456460000-7fe45675e000 rw-p 00000000 00:00 0 
7fe45675e000-7fe45695e000 rw-p 00000000 00:00 0 
7fe45695e000-7fe456965000 r--s 00000000 08:01 1051457                    /usr/lib/x86_64-linux-gnu/gconv/gconv-modules.cache
7fe456965000-7fe456989000 r--p 00000000 08:01 2492154                    /usr/share/locale-langpack/es/LC_MESSAGES/libc.mo
7fe456989000-7fe4569a5000 r--s 00393000 08:01 525114                     /usr/local/jdk8u222-b10/jre/lib/ext/cldrdata.jar
7fe4569a5000-7fe4569af000 r--s 00116000 08:01 525120                     /usr/local/jdk8u222-b10/jre/lib/ext/localedata.jar
7fe4569af000-7fe4569b7000 r--s 0004a000 08:01 14681637                   /tmp/payaramicro-rt2800257946831508090tmp/runtime/yasson.jar
7fe4569b7000-7fe4569ba000 r--s 00012000 08:01 14681636                   /tmp/payaramicro-rt2800257946831508090tmp/runtime/wrapper.jar
7fe4569ba000-7fe4569bc000 r--s 0000a000 08:01 14681635                   /tmp/payaramicro-rt2800257946831508090tmp/runtime/work-management.jar
7fe4569bc000-7fe4569be000 r--s 00000000 08:01 14681632                   /tmp/payaramicro-rt2800257946831508090tmp/runtime/weld-integration-fragment.jar
7fe4569be000-7fe4569bf000 r--s 00001000 08:01 14681631                   /tmp/payaramicro-rt2800257946831508090tmp/runtime/webservices-extra-jdk-packages.jar
7fe4569bf000-7fe4569c2000 r--s 00014000 08:01 14681630                   /tmp/payaramicro-rt2800257946831508090tmp/runtime/webservices-api-osgi.jar
7fe4569c2000-7fe4569c3000 r--s 00001000 08:01 14681614                   /tmp/payaramicro-rt2800257946831508090tmp/runtime/tyrus-container-glassfish-ejb.jar
7fe4569c3000-7fe4569c4000 r--s 00001000 08:01 14681613                   /tmp/payaramicro-rt2800257946831508090tmp/runtime/tyrus-container-glassfish-cdi.jar
7fe4569c4000-7fe4569c6000 r--s 0006b000 08:01 14681602                   /tmp/payaramicro-rt2800257946831508090tmp/runtime/schemas.jar
7fe4569c6000-7fe4569c9000 r--s 00020000 08:01 14681601                   /tmp/payaramicro-rt2800257946831508090tmp/runtime/schema2beans-repackaged.jar
7fe4569c9000-7fe4569cb000 r--s 00008000 08:01 14681599                   /tmp/payaramicro-rt2800257946831508090tmp/runtime/resources-runtime.jar
7fe4569cb000-7fe4569ce000 r--s 00024000 08:01 14681596                   /tmp/payaramicro-rt2800257946831508090tmp/runtime/pkg-client.jar
7fe4569ce000-7fe4569d0000 r--s 00003000 08:01 14681595                   /tmp/payaramicro-rt2800257946831508090tmp/runtime/phonehome-bootstrap.jar
7fe4569d0000-7fe4569d2000 r--s 00002000 08:01 14681587                   /tmp/payaramicro-rt2800257946831508090tmp/runtime/payara-rest-endpoints.jar
7fe4569d2000-7fe4569d3000 r--s 00009000 08:01 14681586                   /tmp/payaramicro-rt2800257946831508090tmp/runtime/payara-micro-service-5.193.jar
7fe4569d3000-7fe4569d5000 r--s 00012000 08:01 14681585                   /tmp/payaramicro-rt2800257946831508090tmp/runtime/payara-micro-core-5.193.jar
7fe4569d5000-7fe4569d7000 r--s 00006000 08:01 14681584                   /tmp/payaramicro-rt2800257946831508090tmp/runtime/payara-micro-cdi-5.193.jar
7fe4569d7000-7fe4569e1000 r--s 00061000 08:01 14681582                   /tmp/payaramicro-rt2800257946831508090tmp/runtime/payara-jbatch-5.193.jar
7fe4569e1000-7fe4569e4000 r--s 00012000 08:01 14681578                   /tmp/payaramicro-rt2800257946831508090tmp/runtime/osgi-adapter.jar
7fe4569e4000-7fe4569e6000 r--s 00012000 08:01 14681577                   /tmp/payaramicro-rt2800257946831508090tmp/runtime/org.eclipse.persistence.oracle.jar
7fe4569e6000-7fe4569ee000 r--s 0008f000 08:01 14681576                   /tmp/payaramicro-rt2800257946831508090tmp/runtime/org.eclipse.persistence.moxy.jar
7fe4569ee000-7fe4569f0000 r--s 0000b000 08:01 14681575                   /tmp/payaramicro-rt2800257946831508090tmp/runtime/org.eclipse.persistence.jpa.modelgen.processor.jar
7fe4569f0000-7fe456a0e000 r--s 00128000 08:01 14681574                   /tmp/payaramicro-rt2800257946831508090tmp/runtime/org.eclipse.persistence.jpa.jpql.jar
7fe456a0e000-7fe456a25000 r--s 00141000 08:01 14681573                   /tmp/payaramicro-rt2800257946831508090tmp/runtime/org.eclipse.persistence.jpa.jar
7fe456a25000-7fe456a2b000 r--s 0004c000 08:01 14681572                   /tmp/payaramicro-rt2800257946831508090tmp/runtime/org.eclipse.persistence.dbws.jar
7fe456a2b000-7fe456a30000 r--s 00020000 08:01 14681569                   /tmp/payaramicro-rt2800257946831508090tmp/runtime/org.eclipse.persistence.antlr.jar
7fe456a30000-7fe456a31000 r--s 00001000 08:01 14681565                   /tmp/payaramicro-rt2800257946831508090tmp/runtime/opentracing-cdi.jar
7fe456a31000-7fe456a33000 r--s 00011000 08:01 14681563                   /tmp/payaramicro-rt2800257946831508090tmp/runtime/openid-client-integration.jar
7fe456a33000-7fe456a34000 r--s 00003000 08:01 14681562                   /tmp/payaramicro-rt2800257946831508090tmp/runtime/oauth2-client-integration.jar
7fe456a34000-7fe456a36000 r--s 00004000 08:01 14681559                   /tmp/payaramicro-rt2800257946831508090tmp/runtime/notification-eventbus-core.jar
7fe456a36000-7fe456a38000 r--s 00004000 08:01 14681557                   /tmp/payaramicro-rt2800257946831508090tmp/runtime/notification-cdi-eventbus-core.jar
7fe456a38000-7fe456a3a000 r--s 00005000 08:01 14681531                   /tmp/payaramicro-rt2800257946831508090tmp/runtime/microprofile-opentracing.jar
7fe456a3a000-7fe456a3c000 r--s 00001000 08:01 14681509                   /tmp/payaramicro-rt2800257946831508090tmp/runtime/microprofile-opentracing-repackaged.jar
7fe456a3c000-7fe456a42000 r--s 00044000 08:01 14681608                   /tmp/payaramicro-rt2800257946831508090tmp/runtime/snakeyaml.jar
7fe456a42000-7fe456a46000 r--s 00025000 08:01 14681507                   /tmp/payaramicro-rt2800257946831508090tmp/runtime/microprofile-openapi.jar
7fe456a46000-7fe456a4b000 r--s 00014000 08:01 14681506                   /tmp/payaramicro-rt2800257946831508090tmp/runtime/microprofile-openapi-api.jar
7fe456a4b000-7fe456a4f000 r--s 0001d000 08:01 14681505                   /tmp/payaramicro-rt2800257946831508090tmp/runtime/microprofile-metrics.jar
7fe456a4f000-7fe456a55000 r--s 00046000 08:01 14681556                   /tmp/payaramicro-rt2800257946831508090tmp/runtime/nimbus-jose-jwt.jar
7fe456a55000-7fe456a57000 r--s 00009000 08:01 14681502                   /tmp/payaramicro-rt2800257946831508090tmp/runtime/microprofile-jwt-auth.jar
7fe456a57000-7fe456a58000 r--s 00002000 08:01 14681501                   /tmp/payaramicro-rt2800257946831508090tmp/runtime/microprofile-jwt-auth-api.jar
7fe456a58000-7fe456a5a000 r--s 00006000 08:01 14681503                   /tmp/payaramicro-rt2800257946831508090tmp/runtime/microprofile-metrics-api.jar
7fe456a5a000-7fe456a5c000 r--s 00012000 08:01 14681496                   /tmp/payaramicro-rt2800257946831508090tmp/runtime/microprofile-fault-tolerance.jar
7fe456a5c000-7fe456a5e000 r--s 00003000 08:01 14681495                   /tmp/payaramicro-rt2800257946831508090tmp/runtime/microprofile-fault-tolerance-api.jar
7fe456a5e000-7fe456a60000 r--s 00002000 08:01 14681494                   /tmp/payaramicro-rt2800257946831508090tmp/runtime/microprofile-config.jar
7fe456a60000-7fe456a63000 r--s 00013000 08:01 14681493                   /tmp/payaramicro-rt2800257946831508090tmp/runtime/microprofile-config-service.jar
7fe456a63000-7fe456a64000 r--s 00001000 08:01 14681482                   /tmp/payaramicro-rt2800257946831508090tmp/runtime/jstl-connector.jar
7fe456a64000-7fe456a67000 r--s 0000a000 08:01 14681481                   /tmp/payaramicro-rt2800257946831508090tmp/runtime/jsr107-repackaged.jar
7fe456a67000-7fe456a68000 r--s 00001000 08:01 14681480                   /tmp/payaramicro-rt2800257946831508090tmp/runtime/jspcaching-connector.jar
7fe456a68000-7fe456a69000 r--s 00004000 08:01 14681479                   /tmp/payaramicro-rt2800257946831508090tmp/runtime/jsonp-jaxrs.jar
7fe456a69000-7fe456a6c000 r--s 0001b000 08:01 14681478                   /tmp/payaramicro-rt2800257946831508090tmp/runtime/json-smart.jar
7fe456a6c000-7fe456a6e000 r--s 00003000 08:01 14681477                   /tmp/payaramicro-rt2800257946831508090tmp/runtime/jsf-connector.jar
7fe456a6e000-7fe456a70000 r--s 0000a000 08:01 14681476                   /tmp/payaramicro-rt2800257946831508090tmp/runtime/jpa-container.jar
7fe456a70000-7fe456a71000 r--s 00000000 08:01 14681475                   /tmp/payaramicro-rt2800257946831508090tmp/runtime/jndi-properties.jar
7fe456a71000-7fe456a74000 r--s 0000c000 08:01 14681472                   /tmp/payaramicro-rt2800257946831508090tmp/runtime/jmx-monitoring-5.193.jar
7fe456a74000-7fe456a75000 r--s 00004000 08:01 14681471                   /tmp/payaramicro-rt2800257946831508090tmp/runtime/jms-handlers-5.193.jar
7fe456a75000-7fe456a76000 r--s 00005000 08:01 14681467                   /tmp/payaramicro-rt2800257946831508090tmp/runtime/jersey-proxy-client.jar
7fe456a76000-7fe456a78000 r--s 0000c000 08:01 14681466                   /tmp/payaramicro-rt2800257946831508090tmp/runtime/jersey-mvc.jar
7fe456a78000-7fe456a79000 r--s 00007000 08:01 14681465                   /tmp/payaramicro-rt2800257946831508090tmp/runtime/jersey-mvc-jsp.jar
7fe456a79000-7fe456a7a000 r--s 00001000 08:01 14681464                   /tmp/payaramicro-rt2800257946831508090tmp/runtime/jersey-mvc-connector.jar
7fe456a7a000-7fe456a7d000 r--s 00016000 08:01 14681463                   /tmp/payaramicro-rt2800257946831508090tmp/runtime/jersey-mp-rest-client.jar
7fe456a7d000-7fe456a7f000 r--s 00011000 08:01 14681462                   /tmp/payaramicro-rt2800257946831508090tmp/runtime/jersey-media-sse.jar
7fe456a7f000-7fe456a81000 r--s 00012000 08:01 14681461                   /tmp/payaramicro-rt2800257946831508090tmp/runtime/jersey-media-multipart.jar
7fe456a81000-7fe456a83000 r--s 00008000 08:01 14681460                   /tmp/payaramicro-rt2800257946831508090tmp/runtime/jersey-media-moxy.jar
7fe456a83000-7fe456a84000 r--s 00004000 08:01 14681459                   /tmp/payaramicro-rt2800257946831508090tmp/runtime/jersey-media-json-processing.jar
7fe456a84000-7fe456a87000 r--s 00010000 08:01 14681458                   /tmp/payaramicro-rt2800257946831508090tmp/runtime/jersey-media-json-jackson.jar
7fe456a87000-7fe456a89000 r--s 00005000 08:01 14681457                   /tmp/payaramicro-rt2800257946831508090tmp/runtime/jersey-media-json-binding.jar
7fe456a89000-7fe456a8b000 r--s 00011000 08:01 14681455                   /tmp/payaramicro-rt2800257946831508090tmp/runtime/jersey-hk2.jar
7fe456a8b000-7fe456a8d000 r--s 00008000 08:01 14681454                   /tmp/payaramicro-rt2800257946831508090tmp/runtime/jersey-gf-ejb.jar
7fe456a8d000-7fe456a90000 r--s 00012000 08:01 14681453                   /tmp/payaramicro-rt2800257946831508090tmp/runtime/jersey-entity-filtering.jar
7fe456a90000-7fe456a91000 r--s 00007000 08:01 14681452                   /tmp/payaramicro-rt2800257946831508090tmp/runtime/jersey-container-servlet.jar
7fe456a91000-7fe456a93000 r--s 00009000 08:01 14681450                   /tmp/payaramicro-rt2800257946831508090tmp/runtime/jersey-container-grizzly2-http.jar
7fe456a93000-7fe456a96000 r--s 0000e000 08:01 14681447                   /tmp/payaramicro-rt2800257946831508090tmp/runtime/jersey-cdi1x.jar
7fe456a96000-7fe456a98000 r--s 00005000 08:01 14681446                   /tmp/payaramicro-rt2800257946831508090tmp/runtime/jersey-cdi1x-transaction.jar
7fe456a98000-7fe456a9a000 r--s 00005000 08:01 14681445                   /tmp/payaramicro-rt2800257946831508090tmp/runtime/jersey-cdi1x-servlet.jar
7fe456a9a000-7fe456a9c000 r--s 0000c000 08:01 14681444                   /tmp/payaramicro-rt2800257946831508090tmp/runtime/jersey-bean-validation.jar
7fe456a9c000-7fe456a9e000 r--s 0000e000 08:01 14681441                   /tmp/payaramicro-rt2800257946831508090tmp/runtime/jdbc-admin.jar
7fe456a9e000-7fe456a9f000 r--s 00001000 08:01 14681440                   /tmp/payaramicro-rt2800257946831508090tmp/runtime/jcip-annotations-repackaged.jar
7fe456a9f000-7fe456aa3000 r--s 0001a000 08:01 14681438                   /tmp/payaramicro-rt2800257946831508090tmp/runtime/jboss-classfilewriter.jar
7fe456aa3000-7fe456aa4000 r--s 00002000 08:01 14681508                   /tmp/payaramicro-rt2800257946831508090tmp/runtime/microprofile-opentracing-api.jar
7fe456aa4000-7fe456aa6000 r--s 00004000 08:01 14681534                   /tmp/payaramicro-rt2800257946831508090tmp/runtime/microprofile-rest-client-api.jar
7fe456aa6000-7fe456aa8000 r--s 00005000 08:01 14681437                   /tmp/payaramicro-rt2800257946831508090tmp/runtime/jaxrs-client-tracing.jar
7fe456aa8000-7fe456add000 r--s 0034f000 08:01 14681434                   /tmp/payaramicro-rt2800257946831508090tmp/runtime/javax.servlet.jsp.jstl.jar
7fe456add000-7fe456adf000 r--s 0000a000 08:01 14681433                   /tmp/payaramicro-rt2800257946831508090tmp/runtime/javax.servlet.jsp.jstl-api.jar
7fe456adf000-7fe456ae1000 r--s 00004000 08:01 14681427                   /tmp/payaramicro-rt2800257946831508090tmp/runtime/javax.json.bind-api.jar
7fe456ae1000-7fe456ae2000 r--s 00004000 08:01 14681418                   /tmp/payaramicro-rt2800257946831508090tmp/runtime/javamail-runtime.jar
7fe456ae2000-7fe456ae3000 r--s 00000000 08:01 14681416                   /tmp/payaramicro-rt2800257946831508090tmp/runtime/javaee.jar
7fe456ae3000-7fe456ae4000 r--s 00004000 08:01 14681415                   /tmp/payaramicro-rt2800257946831508090tmp/runtime/javaee-kernel.jar
7fe456ae4000-7fe456ae5000 r--s 00002000 08:01 14681413                   /tmp/payaramicro-rt2800257946831508090tmp/runtime/jaspic-servlet-utils.jar
7fe456ae5000-7fe456ae7000 r--s 0000c000 08:01 14681400                   /tmp/payaramicro-rt2800257946831508090tmp/runtime/jakarta.jms-api-2.0.2.jar
7fe456ae7000-7fe456ae9000 r--s 00009000 08:01 14681394                   /tmp/payaramicro-rt2800257946831508090tmp/runtime/jackson-dataformat-yaml.jar
7fe456ae9000-7fe456aec000 r--s 00016000 08:01 14681393                   /tmp/payaramicro-rt2800257946831508090tmp/runtime/jackson-dataformat-xml.jar
7fe456aec000-7fe456aee000 r--s 00005000 08:01 14681389                   /tmp/payaramicro-rt2800257946831508090tmp/runtime/jacc.provider.inmemory.jar
7fe456aee000-7fe456af0000 r--s 0000c000 08:01 14681388                   /tmp/payaramicro-rt2800257946831508090tmp/runtime/jacc.provider.file.jar
7fe456af0000-7fe456af2000 r--s 00005000 08:01 14681387                   /tmp/payaramicro-rt2800257946831508090tmp/runtime/istack-commons-runtime.jar
7fe456af2000-7fe456af4000 r--s 00008000 08:01 14681376                   /tmp/payaramicro-rt2800257946831508090tmp/runtime/hibernate-validator-cdi.jar
7fe456af4000-7fe456af6000 r--s 00014000 08:01 14681443                   /tmp/payaramicro-rt2800257946831508090tmp/runtime/jdbc-runtime.jar
7fe456af6000-7fe456af7000 r--s 00002000 08:01 14681374                   /tmp/payaramicro-rt2800257946831508090tmp/runtime/healthcheck-cpool.jar
7fe456af7000-7fe456af8000 r--s 00006000 08:01 14681583                   /tmp/payaramicro-rt2800257946831508090tmp/runtime/payara-jsr107.jar
7fe456af8000-7fe456af9000 r--s 00001000 08:01 14681491                   /tmp/payaramicro-rt2800257946831508090tmp/runtime/microprofile-common.jar
7fe456af9000-7fe456afb000 r--s 00002000 08:01 14681499                   /tmp/payaramicro-rt2800257946831508090tmp/runtime/microprofile-health-api.jar
7fe456afb000-7fe456afd000 r--s 00005000 08:01 14681500                   /tmp/payaramicro-rt2800257946831508090tmp/runtime/microprofile-healthcheck.jar
7fe456afd000-7fe456afe000 r--s 00004000 08:01 14681372                   /tmp/payaramicro-rt2800257946831508090tmp/runtime/healthcheck-checker.jar
7fe456afe000-7fe456b00000 r--s 00004000 08:01 14681369                   /tmp/payaramicro-rt2800257946831508090tmp/runtime/hazelcast-ejb-timer-5.193.jar
7fe456b00000-7fe456b01000 r--s 00003000 08:01 14681368                   /tmp/payaramicro-rt2800257946831508090tmp/runtime/hazelcast-eclipselink-coordination.jar
7fe456b01000-7fe456b09000 r--s 0006e000 08:01 14681570                   /tmp/payaramicro-rt2800257946831508090tmp/runtime/org.eclipse.persistence.asm.jar
7fe456b09000-7fe456b49000 r--s 004ab000 08:01 14681571                   /tmp/payaramicro-rt2800257946831508090tmp/runtime/org.eclipse.persistence.core.jar
7fe456b49000-7fe456b4a000 r--s 00003000 08:01 14681367                   /tmp/payaramicro-rt2800257946831508090tmp/runtime/hazelcast-eclipselink-coordination-5.193.jar
7fe456b4a000-7fe456b4c000 r--s 00012000 08:01 14681626                   /tmp/payaramicro-rt2800257946831508090tmp/runtime/web-ha.jar
7fe456b4c000-7fe456b4d000 r--s 00002000 08:01 14681365                   /tmp/payaramicro-rt2800257946831508090tmp/runtime/ha-hazelcast-store.jar
7fe456b4d000-7fe456b5c000 r--s 001ae000 08:01 14681363                   /tmp/payaramicro-rt2800257946831508090tmp/runtime/h2.jar
7fe456b5c000-7fe456b5d000 r--s 00000000 08:01 14681362                   /tmp/payaramicro-rt2800257946831508090tmp/runtime/grizzly-npn-osgi.jar
7fe456b5d000-7fe456b60000 r--s 0001d000 08:01 14681361                   /tmp/payaramicro-rt2800257946831508090tmp/runtime/grizzly-npn-bootstrap.jar
7fe456b60000-7fe456b62000 r--s 0001d000 08:01 14681360                   /tmp/payaramicro-rt2800257946831508090tmp/runtime/grizzly-npn-bootstrap-1.8.jar
7fe456b62000-7fe456b65000 r--s 0001d000 08:01 14681359                   /tmp/payaramicro-rt2800257946831508090tmp/runtime/grizzly-npn-bootstrap-1.8.1.jar
7fe456b65000-7fe456b67000 r--s 0001c000 08:01 14681358                   /tmp/payaramicro-rt2800257946831508090tmp/runtime/grizzly-npn-bootstrap-1.7.jar
7fe456b67000-7fe456b69000 r--s 0001c000 08:01 14681357                   /tmp/payaramicro-rt2800257946831508090tmp/runtime/grizzly-npn-bootstrap-1.6.jar
7fe456b69000-7fe456b6b000 r--s 00000000 08:01 14681356                   /tmp/payaramicro-rt2800257946831508090tmp/runtime/grizzly-npn-api.jar
7fe456b6b000-7fe456b6c000 r--s 00000000 08:01 14681353                   /tmp/payaramicro-rt2800257946831508090tmp/runtime/glassfish-oracle-jdbc-driver-packages.jar
7fe456b6c000-7fe456b73000 r--s 00045000 08:01 14681350                   /tmp/payaramicro-rt2800257946831508090tmp/runtime/glassfish-grizzly-extra-all.jar
7fe456b73000-7fe456b75000 r--s 00000000 08:01 14681349                   /tmp/payaramicro-rt2800257946831508090tmp/runtime/glassfish-extra-jre-packages.jar
7fe456b75000-7fe456b76000 r--s 00001000 08:01 14681348                   /tmp/payaramicro-rt2800257946831508090tmp/runtime/glassfish-embedded-static-shell.jar
7fe456b76000-7fe456b78000 r--s 00000000 08:01 14681347                   /tmp/payaramicro-rt2800257946831508090tmp/runtime/glassfish-embedded-shell.jar
7fe456b78000-7fe456b7a000 r--s 00018000 08:01 14681343                   /tmp/payaramicro-rt2800257946831508090tmp/runtime/glassfish-batch-connector-5.193.jar
7fe456b7a000-7fe456b7c000 r--s 0000c000 08:01 14681342                   /tmp/payaramicro-rt2800257946831508090tmp/runtime/glassfish-batch-commands-5.193.jar
7fe456b7c000-7fe456b7e000 r--s 00001000 08:01 14681338                   /tmp/payaramicro-rt2800257946831508090tmp/runtime/gf-jpa-connector.jar
7fe456b7e000-7fe456b7f000 r--s 00003000 08:01 14681402                   /tmp/payaramicro-rt2800257946831508090tmp/runtime/jakarta.jws-api.jar
7fe456b7f000-7fe456b82000 r--s 0000c000 08:01 14681412                   /tmp/payaramicro-rt2800257946831508090tmp/runtime/jakarta.xml.ws-api.jar
7fe456b82000-7fe456b83000 r--s 00004000 08:01 14681340                   /tmp/payaramicro-rt2800257946831508090tmp/runtime/gf-weld-connector.jar
7fe456b83000-7fe456bac000 r--s 00279000 08:01 14681634                   /tmp/payaramicro-rt2800257946831508090tmp/runtime/weld-osgi-bundle.jar
7fe456bac000-7fe456bae000 r--s 00004000 08:01 14681628                   /tmp/payaramicro-rt2800257946831508090tmp/runtime/web-sse.jar
7fe456bae000-7fe456bb0000 r--s 00006000 08:01 14681624                   /tmp/payaramicro-rt2800257946831508090tmp/runtime/web-embed-api.jar
7fe456bb0000-7fe456bb2000 r--s 0000b000 08:01 14681629                   /tmp/payaramicro-rt2800257946831508090tmp/runtime/websecurity.jar
7fe456bb2000-7fe456bb9000 r--s 00080000 08:01 14681432                   /tmp/payaramicro-rt2800257946831508090tmp/runtime/javax.servlet.jsp.jar
7fe456bb9000-7fe456bbb000 r--s 00013000 08:01 14681456                   /tmp/payaramicro-rt2800257946831508090tmp/runtime/jersey-media-jaxb.jar
7fe456bbb000-7fe456bc0000 r--s 00031000 08:01 14681448                   /tmp/payaramicro-rt2800257946831508090tmp/runtime/jersey-client.jar
7fe456bc0000-7fe456bd3000 r--s 000cf000 08:01 14681468                   /tmp/payaramicro-rt2800257946831508090tmp/runtime/jersey-server.jar
7fe456bd3000-7fe456bd5000 r--s 00010000 08:01 14681451                   /tmp/payaramicro-rt2800257946831508090tmp/runtime/jersey-container-servlet-core.jar
7fe456bd5000-7fe456bd7000 r--s 0000b000 08:01 14681615                   /tmp/payaramicro-rt2800257946831508090tmp/runtime/tyrus-container-grizzly-client.jar
7fe456bd7000-7fe456bd9000 r--s 00002000 08:01 14681619                   /tmp/payaramicro-rt2800257946831508090tmp/runtime/tyrus-spi.jar
7fe456bd9000-7fe456be0000 r--s 00057000 08:01 14681617                   /tmp/payaramicro-rt2800257946831508090tmp/runtime/tyrus-core.jar
7fe456be0000-7fe456be2000 r--s 00010000 08:01 14681612                   /tmp/payaramicro-rt2800257946831508090tmp/runtime/tyrus-client.jar
7fe456be2000-7fe456be4000 r--s 00007000 08:01 14681435                   /tmp/payaramicro-rt2800257946831508090tmp/runtime/javax.websocket-api.jar
7fe456be4000-7fe456be5000 r--s 00003000 08:01 14681618                   /tmp/payaramicro-rt2800257946831508090tmp/runtime/tyrus-server.jar
7fe456be5000-7fe456be7000 r--s 00005000 08:01 14681616                   /tmp/payaramicro-rt2800257946831508090tmp/runtime/tyrus-container-servlet.jar
7fe456be7000-7fe456bf4000 r--s 00110000 08:01 14681623                   /tmp/payaramicro-rt2800257946831508090tmp/runtime/web-core.jar
7fe456bf4000-7fe456bf7000 r--s 0001a000 08:01 14681627                   /tmp/payaramicro-rt2800257946831508090tmp/runtime/web-naming.jar
7fe456bf7000-7fe456bfa000 r--s 00007000 08:01 14681339                   /tmp/payaramicro-rt2800257946831508090tmp/runtime/gf-web-connector.jar
7fe456bfa000-7fe456bfd000 r--s 0000b000 08:01 14681431                   /tmp/payaramicro-rt2800257946831508090tmp/runtime/javax.servlet.jsp-api.jar
7fe456bfd000-7fe456bff000 r--s 00019000 08:01 14681621                   /tmp/payaramicro-rt2800257946831508090tmp/runtime/war-util.jar
7fe456bff000-7fe456c04000 r--s 0002e000 08:01 14681622                   /tmp/payaramicro-rt2800257946831508090tmp/runtime/web-cli.jar
7fe456c04000-7fe456c0e000 r--s 00098000 08:01 14681625                   /tmp/payaramicro-rt2800257946831508090tmp/runtime/web-glue.jar
7fe456c0e000-7fe456c3e000 r--s 00367000 08:01 14681399                   /tmp/payaramicro-rt2800257946831508090tmp/runtime/jakarta.faces.jar
7fe456c3e000-7fe456c41000 r--s 00028000 08:01 14681633                   /tmp/payaramicro-rt2800257946831508090tmp/runtime/weld-integration.jar
7fe456c41000-7fe456c43000 r--s 00006000 08:01 14681337                   /tmp/payaramicro-rt2800257946831508090tmp/runtime/gf-jms-injection-5.193.jar
7fe456c43000-7fe456c44000 r--s 00000000 08:01 14681333                   /tmp/payaramicro-rt2800257946831508090tmp/runtime/flashlight-extra-jdk-packages.jar
7fe456c44000-7fe456c45000 r--s 00000000 08:01 14681332                   /tmp/payaramicro-rt2800257946831508090tmp/runtime/flashlight-agent.jar
7fe456c45000-7fe456c48000 r--s 00015000 08:01 14681331                   /tmp/payaramicro-rt2800257946831508090tmp/runtime/ejb.security-5.193.jar
7fe456c48000-7fe456c4a000 r--s 00011000 08:01 14681329                   /tmp/payaramicro-rt2800257946831508090tmp/runtime/ejb-full-container-5.193.jar
7fe456c4a000-7fe456c4b000 r--s 00004000 08:01 14681336                   /tmp/payaramicro-rt2800257946831508090tmp/runtime/gf-ejb-connector.jar
7fe456c4b000-7fe456c4c000 r--s 00006000 08:01 14681588                   /tmp/payaramicro-rt2800257946831508090tmp/runtime/persistence-common.jar
7fe456c4c000-7fe456c4f000 r--s 0000f000 08:01 14681610                   /tmp/payaramicro-rt2800257946831508090tmp/runtime/stats77.jar
7fe456c4f000-7fe456c5b000 r--s 000dc000 08:01 14681328                   /tmp/payaramicro-rt2800257946831508090tmp/runtime/ejb-container.jar
7fe456c5b000-7fe456c5c000 r--s 00002000 08:01 14681327                   /tmp/payaramicro-rt2800257946831508090tmp/runtime/ejb-client.jar
7fe456c5c000-7fe456c5e000 r--s 00052000 08:01 14681326                   /tmp/payaramicro-rt2800257946831508090tmp/runtime/dtds.jar
7fe456c5e000-7fe456c61000 r--s 00016000 08:01 14681322                   /tmp/payaramicro-rt2800257946831508090tmp/runtime/deployment-client.jar
7fe456c61000-7fe456c63000 r--s 0000c000 08:01 14681321                   /tmp/payaramicro-rt2800257946831508090tmp/runtime/deployment-autodeploy.jar
7fe456c63000-7fe456c66000 r--s 00031000 08:01 14681320                   /tmp/payaramicro-rt2800257946831508090tmp/runtime/deployment-admin.jar
7fe456c66000-7fe456c68000 r--s 00006000 08:01 14681417                   /tmp/payaramicro-rt2800257946831508090tmp/runtime/javamail-connector.jar
7fe456c68000-7fe456c69000 r--s 00002000 08:01 14681335                   /tmp/payaramicro-rt2800257946831508090tmp/runtime/gf-connectors-connector.jar
7fe456c69000-7fe456c6b000 r--s 00005000 08:01 14681488                   /tmp/payaramicro-rt2800257946831508090tmp/runtime/libpam4j-repackaged.jar
7fe456c6b000-7fe456c6c000 r--s 00002000 08:01 14681330                   /tmp/payaramicro-rt2800257946831508090tmp/runtime/ejb-internal-api.jar
7fe456c6c000-7fe456c6e000 r--s 0000f000 08:01 14681414                   /tmp/payaramicro-rt2800257946831508090tmp/runtime/jaspic.provider.framework.jar
7fe456c6e000-7fe456c6f000 r--s 0000a000 08:01 14681407                   /tmp/payaramicro-rt2800257946831508090tmp/runtime/jakarta.security.jacc-api.jar
7fe456c6f000-7fe456c72000 r--s 00008000 08:01 14681406                   /tmp/payaramicro-rt2800257946831508090tmp/runtime/jakarta.security.auth.message-api.jar
7fe456c72000-7fe456c78000 r--s 00041000 08:01 14681603                   /tmp/payaramicro-rt2800257946831508090tmp/runtime/security-ee.jar
7fe456c78000-7fe456c79000 r--s 00002000 08:01 14681346                   /tmp/payaramicro-rt2800257946831508090tmp/runtime/glassfish-ee-api.jar
7fe456c79000-7fe456c7a000 r--s 00007000 08:01 14681324                   /tmp/payaramicro-rt2800257946831508090tmp/runtime/deployment-javaee-core.jar
7fe456c7a000-7fe456c82000 r--s 0007a000 08:01 14681318                   /tmp/payaramicro-rt2800257946831508090tmp/runtime/connectors-runtime.jar
7fe456c82000-7fe456c84000 r--s 00006000 08:01 14681316                   /tmp/payaramicro-rt2800257946831508090tmp/runtime/connectors-inbound-runtime-5.193.jar
7fe456c84000-7fe456c86000 r--s 00003000 08:01 14681442                   /tmp/payaramicro-rt2800257946831508090tmp/runtime/jdbc-config.jar
7fe456c86000-7fe456c8a000 r--s 0002d000 08:01 14681315                   /tmp/payaramicro-rt2800257946831508090tmp/runtime/connectors-admin.jar
7fe456c8a000-7fe456c8c000 r--s 00009000 08:01 14681566                   /tmp/payaramicro-rt2800257946831508090tmp/runtime/opentracing-repackaged.jar
7fe456c8c000-7fe456c8d000 r--s 00004000 08:01 14681564                   /tmp/payaramicro-rt2800257946831508090tmp/runtime/opentracing-adapter.jar
7fe456c8d000-7fe456c8f000 r--s 0000c000 08:01 14681423                   /tmp/payaramicro-rt2800257946831508090tmp/runtime/javax.enterprise.concurrent.jar
7fe456c8f000-7fe456c91000 r--s 00002000 08:01 14681422                   /tmp/payaramicro-rt2800257946831508090tmp/runtime/javax.enterprise.concurrent-api.jar
7fe456c91000-7fe456c93000 r--s 00007000 08:01 14681364                   /tmp/payaramicro-rt2800257946831508090tmp/runtime/ha-api.jar
7fe456c93000-7fe456c96000 r--s 00019000 08:01 14681598                   /tmp/payaramicro-rt2800257946831508090tmp/runtime/resources-connector.jar
7fe456c96000-7fe456c99000 r--s 00016000 08:01 14681317                   /tmp/payaramicro-rt2800257946831508090tmp/runtime/connectors-internal-api.jar
7fe456c99000-7fe456c9c000 r--s 00012000 08:01 14681352                   /tmp/payaramicro-rt2800257946831508090tmp/runtime/glassfish-naming.jar
7fe456c9c000-7fe456ca3000 r--s 00028000 08:01 14681319                   /tmp/payaramicro-rt2800257946831508090tmp/runtime/container-common.jar
7fe456ca3000-7fe456ca6000 r--s 0001b000 08:01 14681555                   /tmp/payaramicro-rt2800257946831508090tmp/runtime/monitoring-core.jar
7fe456ca6000-7fe456ca9000 r--s 00010000 08:01 14681398                   /tmp/payaramicro-rt2800257946831508090tmp/runtime/jakarta.ejb-api.jar
7fe456ca9000-7fe456cac000 r--s 0000a000 08:01 14681424                   /tmp/payaramicro-rt2800257946831508090tmp/runtime/javax.enterprise.deploy-api.jar
7fe456cac000-7fe456cb0000 r--s 00014000 08:01 14681408                   /tmp/payaramicro-rt2800257946831508090tmp/runtime/jakarta.servlet-api.jar
7fe456cb0000-7fe456cbe000 r--s 000b4000 08:01 14681325                   /tmp/payaramicro-rt2800257946831508090tmp/runtime/dol.jar
7fe456cbe000-7fe456cc0000 r--s 00002000 08:01 14681568                   /tmp/payaramicro-rt2800257946831508090tmp/runtime/orb-enabler.jar
7fe456cc0000-7fe456cc3000 r--s 0000c000 08:01 14681567                   /tmp/payaramicro-rt2800257946831508090tmp/runtime/orb-connector.jar
7fe456cc3000-7fe456cc5000 r--s 00007000 08:01 14681344                   /tmp/payaramicro-rt2800257946831508090tmp/runtime/glassfish-corba-internal-api.jar
7fe456cc5000-7fe456cc7000 r--s 00005000 08:01 14681426                   /tmp/payaramicro-rt2800257946831508090tmp/runtime/javax.interceptor-api.jar
7fe456cc7000-7fe456cc9000 r--s 0000f000 08:01 14681483                   /tmp/payaramicro-rt2800257946831508090tmp/runtime/jta.jar
7fe456cc9000-7fe456ccf000 r--s 0002c000 08:01 14681404                   /tmp/payaramicro-rt2800257946831508090tmp/runtime/jakarta.persistence.jar
7fe456ccf000-7fe456cd0000 r--s 00005000 08:01 14681611                   /tmp/payaramicro-rt2800257946831508090tmp/runtime/transaction-internal-api.jar
7fe456cd0000-7fe456cd4000 r--s 0000d000 08:01 14681405                   /tmp/payaramicro-rt2800257946831508090tmp/runtime/jakarta.resource-api.jar
7fe456cd4000-7fe456cd5000 r--s 00006000 08:01 14681409                   /tmp/payaramicro-rt2800257946831508090tmp/runtime/jakarta.transaction-api.jar
7fe456cd5000-7fe456cda000 r--s 0005a000 08:01 14681484                   /tmp/payaramicro-rt2800257946831508090tmp/runtime/jts.jar
7fe456cda000-7fe456cdd000 r--s 0001e000 08:01 14681312                   /tmp/payaramicro-rt2800257946831508090tmp/runtime/concurrent-impl.jar
7fe456cdd000-7fe456ce0000 r--s 0000d000 08:01 14681561                   /tmp/payaramicro-rt2800257946831508090tmp/runtime/nucleus-resources.jar
7fe456ce0000-7fe456ce2000 r--s 00005000 08:01 14681311                   /tmp/payaramicro-rt2800257946831508090tmp/runtime/concurrent-connector.jar
7fe456ce2000-7fe456ce9000 r--s 00055000 08:01 14681606                   /tmp/payaramicro-rt2800257946831508090tmp/runtime/server-mgmt.jar
7fe456ce9000-7fe456ceb000 r--s 00009000 08:01 14681309                   /tmp/payaramicro-rt2800257946831508090tmp/runtime/cli-optional.jar
7fe456ceb000-7fe456cee000 r--s 0001d000 08:01 14681430                   /tmp/payaramicro-rt2800257946831508090tmp/runtime/javax.security.enterprise.jar
7fe456cee000-7fe456cf1000 r--s 00006000 08:01 14681429                   /tmp/payaramicro-rt2800257946831508090tmp/runtime/javax.security.enterprise-api.jar
7fe456cf1000-7fe456cf2000 r--s 00004000 08:01 14681579                   /tmp/payaramicro-rt2800257946831508090tmp/runtime/osgi-resource-locator.jar
7fe456cf2000-7fe456cf6000 r--s 0001f000 08:01 14681410                   /tmp/payaramicro-rt2800257946831508090tmp/runtime/jakarta.ws.rs-api.jar
7fe456cf6000-7fe456d0e000 r--s 000fd000 08:01 14681449                   /tmp/payaramicro-rt2800257946831508090tmp/runtime/jersey-common.jar
7fe456d0e000-7fe456d10000 r--s 00002000 08:01 14681306                   /tmp/payaramicro-rt2800257946831508090tmp/runtime/cdi-auth-roles.jar
7fe456d10000-7fe456d15000 r--s 00016000 08:01 14681305                   /tmp/payaramicro-rt2800257946831508090tmp/runtime/cdi-api.jar
7fe456d15000-7fe456d16000 r--s 00000000 08:01 14681304                   /tmp/payaramicro-rt2800257946831508090tmp/runtime/cdi-api-fragment.jar
7fe456d16000-7fe456d21000 r--s 0009a000 08:01 14681303                   /tmp/payaramicro-rt2800257946831508090tmp/runtime/bcel.jar
7fe456d21000-7fe456d23000 r--s 0001a000 08:01 14681302                   /tmp/payaramicro-rt2800257946831508090tmp/runtime/asm.jar
7fe456d23000-7fe456d24000 r--s 00013000 08:01 14681301                   /tmp/payaramicro-rt2800257946831508090tmp/runtime/asm-util.jar
7fe456d24000-7fe456d26000 r--s 0000b000 08:01 14681300                   /tmp/payaramicro-rt2800257946831508090tmp/runtime/asm-tree.jar
7fe456d26000-7fe456d28000 r--s 00012000 08:01 14681298                   /tmp/payaramicro-rt2800257946831508090tmp/runtime/asm-commons.jar
7fe456d28000-7fe456d2a000 r--s 0000e000 08:01 14681469                   /tmp/payaramicro-rt2800257946831508090tmp/runtime/jline-terminal-jna.jar
7fe456d2a000-7fe456d2e000 r--s 00168000 08:01 14681474                   /tmp/payaramicro-rt2800257946831508090tmp/runtime/jna.jar
7fe456d2e000-7fe456d30000 r--s 00002000 08:01 14681297                   /tmp/payaramicro-rt2800257946831508090tmp/runtime/appserver-cli.jar
7fe456d30000-7fe456d31000 r--s 00000000 08:01 14681296                   /tmp/payaramicro-rt2800257946831508090tmp/runtime/appserv-rt.jar
7fe456d31000-7fe456d33000 r--s 00009000 08:01 14681293                   /tmp/payaramicro-rt2800257946831508090tmp/runtime/annotation-framework.jar
7fe456d33000-7fe456d35000 r--s 00006000 08:01 14681428                   /tmp/payaramicro-rt2800257946831508090tmp/runtime/javax.management.j2ee-api.jar
7fe456d35000-7fe456d39000 r--s 00011000 08:01 14681292                   /tmp/payaramicro-rt2800257946831508090tmp/runtime/amx-javaee.jar
7fe456d39000-7fe456d3d000 r--s 00021000 08:01 14681373                   /tmp/payaramicro-rt2800257946831508090tmp/runtime/healthcheck-core.jar
7fe456d3d000-7fe456d3e000 r--s 00003000 08:01 14681375                   /tmp/payaramicro-rt2800257946831508090tmp/runtime/healthcheck-stuck.jar
7fe456d3e000-7fe456d3f000 r--s 00007000 08:01 14681370                   /tmp/payaramicro-rt2800257946831508090tmp/runtime/hazelcast-kubernetes.jar
7fe456d3f000-7fe456e2f000 r--s 00a55000 08:01 14681371                   /tmp/payaramicro-rt2800257946831508090tmp/runtime/hazelcast.jar
7fe456e2f000-7fe456e31000 r--s 00017000 08:01 14681366                   /tmp/payaramicro-rt2800257946831508090tmp/runtime/hazelcast-bootstrap.jar
7fe456e31000-7fe456e34000 r--s 0000e000 08:01 14681397                   /tmp/payaramicro-rt2800257946831508090tmp/runtime/jakarta.activation.jar
7fe456e34000-7fe456e3d000 r--s 00098000 08:01 14681403                   /tmp/payaramicro-rt2800257946831508090tmp/runtime/jakarta.mail.jar
7fe456e3d000-7fe456e3f000 r--s 0000c000 08:01 14681381                   /tmp/payaramicro-rt2800257946831508090tmp/runtime/hk2-extras.jar
7fe456e3f000-7fe456e42000 r--s 0000a000 08:01 14681580                   /tmp/payaramicro-rt2800257946831508090tmp/runtime/payara-api.jar
7fe456e42000-7fe456e46000 r--s 00014000 08:01 14681558                   /tmp/payaramicro-rt2800257946831508090tmp/runtime/notification-core.jar
7fe456e46000-7fe456e49000 r--s 00010000 08:01 14681597                   /tmp/payaramicro-rt2800257946831508090tmp/runtime/requesttracing-core.jar
7fe456e49000-7fe456e4b000 r--s 00000000 08:01 14681295                   /tmp/payaramicro-rt2800257946831508090tmp/runtime/api-exporter.jar
7fe456e4b000-7fe456e4e000 r--s 0001f000 08:01 14681354                   /tmp/payaramicro-rt2800257946831508090tmp/runtime/glassfish.jar
7fe456e4e000-7fe456e52000 r--s 00020000 08:01 14681334                   /tmp/payaramicro-rt2800257946831508090tmp/runtime/flashlight-framework.jar
7fe456e52000-7fe456e5c000 r--s 000af000 08:01 14681485                   /tmp/payaramicro-rt2800257946831508090tmp/runtime/kernel.jar
7fe456e5c000-7fe456e61000 r--s 00038000 08:01 14681473                   /tmp/payaramicro-rt2800257946831508090tmp/runtime/jmxremote_optional-repackaged.jar
7fe456e61000-7fe456e64000 r--s 0000f000 08:01 14681351                   /tmp/payaramicro-rt2800257946831508090tmp/runtime/glassfish-mbeanserver.jar
7fe456e64000-7fe456e6d000 r--s 00067000 08:01 14681291                   /tmp/payaramicro-rt2800257946831508090tmp/runtime/amx-core.jar
7fe456e6d000-7fe456e71000 r--s 00036000 08:01 14681421                   /tmp/payaramicro-rt2800257946831508090tmp/runtime/javax.el.jar
7fe456e71000-7fe456e73000 r--s 00001000 08:01 14681289                   /tmp/payaramicro-rt2800257946831508090tmp/runtime/admin-core.jar
7fe456e73000-7fe456eb2000 r--s 00311000 08:01 14681436                   /tmp/payaramicro-rt2800257946831508090tmp/runtime/jaxb-osgi.jar
7fe456eb2000-7fe456eb3000 r--s 00002000 08:01 14681607                   /tmp/payaramicro-rt2800257946831508090tmp/runtime/simple-glassfish-api.jar
7fe456eb3000-7fe456eb5000 r--s 00003000 08:01 14681581                   /tmp/payaramicro-rt2800257946831508090tmp/runtime/payara-executor-service.jar
7fe456eb5000-7fe456eb9000 r--s 0004c000 08:01 14681391                   /tmp/payaramicro-rt2800257946831508090tmp/runtime/jackson-core.jar
7fe456eb9000-7fe456ecc000 r--s 00137000 08:01 14681392                   /tmp/payaramicro-rt2800257946831508090tmp/runtime/jackson-databind.jar
7fe456ecc000-7fe456ecf000 r--s 0000e000 08:01 14681390                   /tmp/payaramicro-rt2800257946831508090tmp/runtime/jackson-annotations.jar
7fe456ecf000-7fe456ed2000 r--s 0000b000 08:01 14681487                   /tmp/payaramicro-rt2800257946831508090tmp/runtime/ldapbp-repackaged.jar
7fe456ed2000-7fe456ed4000 r--s 0000b000 08:01 14681593                   /tmp/payaramicro-rt2800257946831508090tmp/runtime/pfl-tf-tools.jar
7fe456ed4000-7fe456ed6000 r--s 00010000 08:01 14681590                   /tmp/payaramicro-rt2800257946831508090tmp/runtime/pfl-basic-tools.jar
7fe456ed6000-7fe456ede000 r--s 0004a000 08:01 14681592                   /tmp/payaramicro-rt2800257946831508090tmp/runtime/pfl-dynamic.jar
7fe456ede000-7fe456ee4000 r--s 00052000 08:01 14681589                   /tmp/payaramicro-rt2800257946831508090tmp/runtime/pfl-asm.jar
7fe456ee4000-7fe456ee7000 r--s 00015000 08:01 14681594                   /tmp/payaramicro-rt2800257946831508090tmp/runtime/pfl-tf.jar
7fe456ee7000-7fe456eed000 r--s 0002d000 08:01 14681591                   /tmp/payaramicro-rt2800257946831508090tmp/runtime/pfl-basic.jar
7fe456eed000-7fe456ef3000 r--s 0002d000 08:01 14681355                   /tmp/payaramicro-rt2800257946831508090tmp/runtime/gmbal.jar
7fe456ef3000-7fe456ef7000 r--s 0002a000 08:01 14681323                   /tmp/payaramicro-rt2800257946831508090tmp/runtime/deployment-common.jar
7fe456ef7000-7fe456eff000 r--s 0009d000 08:01 14681605                   /tmp/payaramicro-rt2800257946831508090tmp/runtime/security.jar
7fe456eff000-7fe456f04000 r--s 00020000 08:01 14681604                   /tmp/payaramicro-rt2800257946831508090tmp/runtime/security-services.jar
7fe456f04000-7fe456f1b000 r-xp 00000000 08:01 525167                     /usr/local/jdk8u222-b10/jre/lib/amd64/libnet.so
7fe456f1b000-7fe45711a000 ---p 00017000 08:01 525167                     /usr/local/jdk8u222-b10/jre/lib/amd64/libnet.so
7fe45711a000-7fe45711b000 r--p 00016000 08:01 525167                     /usr/local/jdk8u222-b10/jre/lib/amd64/libnet.so
7fe45711b000-7fe45711c000 rw-p 00017000 08:01 525167                     /usr/local/jdk8u222-b10/jre/lib/amd64/libnet.so
7fe45711c000-7fe45712d000 r-xp 00000000 08:01 525171                     /usr/local/jdk8u222-b10/jre/lib/amd64/libnio.so
7fe45712d000-7fe45732c000 ---p 00011000 08:01 525171                     /usr/local/jdk8u222-b10/jre/lib/amd64/libnio.so
7fe45732c000-7fe45732d000 r--p 00010000 08:01 525171                     /usr/local/jdk8u222-b10/jre/lib/amd64/libnio.so
7fe45732d000-7fe45732e000 rw-p 00011000 08:01 525171                     /usr/local/jdk8u222-b10/jre/lib/amd64/libnio.so
7fe45732e000-7fe45732f000 ---p 00000000 00:00 0 
7fe45732f000-7fe45742f000 rw-p 00000000 00:00 0 
7fe45742f000-7fe457432000 ---p 00000000 00:00 0 
7fe457432000-7fe457530000 rw-p 00000000 00:00 0 
7fe457530000-7fe457531000 ---p 00000000 00:00 0 
7fe457531000-7fe457534000 ---p 00000000 00:00 0 
7fe457534000-7fe457631000 rw-p 00000000 00:00 0 
7fe457631000-7fe458000000 r--p 00000000 08:01 793096                     /usr/lib/locale/locale-archive
7fe458000000-7fe458021000 rw-p 00000000 00:00 0 
7fe458021000-7fe45c000000 ---p 00000000 00:00 0 
7fe45c000000-7fe45c001000 r--s 00007000 08:01 14681395                   /tmp/payaramicro-rt2800257946831508090tmp/runtime/jackson-module-jaxb-annotations.jar
7fe45c001000-7fe45c003000 r--s 00005000 08:01 14681609                   /tmp/payaramicro-rt2800257946831508090tmp/runtime/ssl-impl.jar
7fe45c003000-7fe45c007000 r--s 00021000 08:01 14681386                   /tmp/payaramicro-rt2800257946831508090tmp/runtime/internal-api.jar
7fe45c007000-7fe45c009000 r--s 00003000 08:01 14681492                   /tmp/payaramicro-rt2800257946831508090tmp/runtime/microprofile-config-api.jar
7fe45c009000-7fe45c016000 r--s 00084000 08:01 14681313                   /tmp/payaramicro-rt2800257946831508090tmp/runtime/config-api.jar
7fe45c016000-7fe45c01d000 r--s 00056000 08:01 14681290                   /tmp/payaramicro-rt2800257946831508090tmp/runtime/admin-util.jar
7fe45c01d000-7fe45c021000 r--s 0002e000 08:01 14681489                   /tmp/payaramicro-rt2800257946831508090tmp/runtime/logging.jar
7fe45c021000-7fe45c023000 r--s 0000e000 08:01 14681486                   /tmp/payaramicro-rt2800257946831508090tmp/runtime/launcher.jar
7fe45c023000-7fe45c026000 r--s 00020000 08:01 14681401                   /tmp/payaramicro-rt2800257946831508090tmp/runtime/jakarta.json.jar
7fe45c026000-7fe45c028000 r--s 0000f000 08:01 14681554                   /tmp/payaramicro-rt2800257946831508090tmp/runtime/mimepull.jar
7fe45c028000-7fe45c031000 r--s 000a8000 08:01 14681470                   /tmp/payaramicro-rt2800257946831508090tmp/runtime/jline.jar
7fe45c031000-7fe45c04f000 r--s 00133000 08:01 14681345                   /tmp/payaramicro-rt2800257946831508090tmp/runtime/glassfish-corba-omgapi.jar
7fe45c04f000-7fe45c051000 r--s 0000a000 08:01 14681490                   /tmp/payaramicro-rt2800257946831508090tmp/runtime/management-api.jar
7fe45c051000-7fe45c053000 r--s 00009000 08:01 14681396                   /tmp/payaramicro-rt2800257946831508090tmp/runtime/jakarta.activation-api.jar
7fe45c053000-7fe45c057000 r--s 00019000 08:01 14681411                   /tmp/payaramicro-rt2800257946831508090tmp/runtime/jakarta.xml.bind-api.jar
7fe45c057000-7fe45c058000 r--s 00002000 08:01 14681314                   /tmp/payaramicro-rt2800257946831508090tmp/runtime/config-types.jar
7fe45c058000-7fe45c05a000 r--s 0000f000 08:01 14681308                   /tmp/payaramicro-rt2800257946831508090tmp/runtime/classmate.jar
7fe45c05a000-7fe45c05f000 r--s 00012000 08:01 14681620                   /tmp/payaramicro-rt2800257946831508090tmp/runtime/validation-api.jar
7fe45c05f000-7fe45c07c000 r--s 000fe000 08:01 14681377                   /tmp/payaramicro-rt2800257946831508090tmp/runtime/hibernate-validator.jar
7fe45c07c000-7fe45c081000 r--s 0002f000 08:01 14681379                   /tmp/payaramicro-rt2800257946831508090tmp/runtime/hk2-config.jar
7fe45c081000-7fe45c0a1000 r--s 001af000 08:01 14681560                   /tmp/payaramicro-rt2800257946831508090tmp/runtime/nucleus-grizzly-all.jar
7fe45c0a1000-7fe45c0a2000 ---p 00000000 00:00 0 
7fe45c0a2000-7fe45c0a5000 ---p 00000000 00:00 0 
7fe45c0a5000-7fe45c1a2000 rw-p 00000000 00:00 0 
7fe45c1a2000-7fe45c1a3000 ---p 00000000 00:00 0 
7fe45c1a3000-7fe45c1a6000 ---p 00000000 00:00 0 
7fe45c1a6000-7fe45c2a3000 rw-p 00000000 00:00 0 
7fe45c2a3000-7fe45c2a6000 ---p 00000000 00:00 0 
7fe45c2a6000-7fe45c3a4000 rw-p 00000000 00:00 0 
7fe45c3a4000-7fe45c3a7000 ---p 00000000 00:00 0 
7fe45c3a7000-7fe45c4a5000 rw-p 00000000 00:00 0 
7fe45c4a5000-7fe45c4a8000 ---p 00000000 00:00 0 
7fe45c4a8000-7fe45c5a6000 rw-p 00000000 00:00 0 
7fe45c5a6000-7fe45c5a7000 ---p 00000000 00:00 0 
7fe45c5a7000-7fe45d604000 rw-p 00000000 00:00 0 
7fe45d604000-7fe45d7d3000 r--s 03c5c000 08:01 525135                     /usr/local/jdk8u222-b10/jre/lib/rt.jar
7fe45d7d3000-7fe45fee7000 rw-p 00000000 00:00 0 
7fe45fee7000-7fe45fee8000 ---p 00000000 00:00 0 
7fe45fee8000-7fe45ffe8000 rw-p 00000000 00:00 0 
7fe45ffe8000-7fe45ffe9000 ---p 00000000 00:00 0 
7fe45ffe9000-7fe4600e9000 rw-p 00000000 00:00 0 
7fe4600e9000-7fe4600ea000 ---p 00000000 00:00 0 
7fe4600ea000-7fe4601ea000 rw-p 00000000 00:00 0 
7fe4601ea000-7fe4601eb000 ---p 00000000 00:00 0 
7fe4601eb000-7fe4602ff000 rw-p 00000000 00:00 0 
7fe4602ff000-7fe460423000 ---p 00000000 00:00 0 
7fe460423000-7fe460437000 rw-p 00000000 00:00 0 
7fe460437000-7fe46055b000 ---p 00000000 00:00 0 
7fe46055b000-7fe4605a2000 rw-p 00000000 00:00 0 
7fe4605a2000-7fe4605f7000 ---p 00000000 00:00 0 
7fe4605f7000-7fe46061a000 rw-p 00000000 00:00 0 
7fe46061a000-7fe4609b8000 ---p 00000000 00:00 0 
7fe4609b8000-7fe461238000 rwxp 00000000 00:00 0 
7fe461238000-7fe46f9b8000 ---p 00000000 00:00 0 
7fe46f9b8000-7fe46f9d3000 r-xp 00000000 08:01 525144                     /usr/local/jdk8u222-b10/jre/lib/amd64/libzip.so
7fe46f9d3000-7fe46fbd2000 ---p 0001b000 08:01 525144                     /usr/local/jdk8u222-b10/jre/lib/amd64/libzip.so
7fe46fbd2000-7fe46fbd3000 r--p 0001a000 08:01 525144                     /usr/local/jdk8u222-b10/jre/lib/amd64/libzip.so
7fe46fbd3000-7fe46fbd4000 rw-p 0001b000 08:01 525144                     /usr/local/jdk8u222-b10/jre/lib/amd64/libzip.so
7fe46fbd4000-7fe46fbdf000 r-xp 00000000 08:01 9180209                    /lib/x86_64-linux-gnu/libnss_files-2.27.so
7fe46fbdf000-7fe46fdde000 ---p 0000b000 08:01 9180209                    /lib/x86_64-linux-gnu/libnss_files-2.27.so
7fe46fdde000-7fe46fddf000 r--p 0000a000 08:01 9180209                    /lib/x86_64-linux-gnu/libnss_files-2.27.so
7fe46fddf000-7fe46fde0000 rw-p 0000b000 08:01 9180209                    /lib/x86_64-linux-gnu/libnss_files-2.27.so
7fe46fde0000-7fe46fde6000 rw-p 00000000 00:00 0 
7fe46fde6000-7fe46fdfd000 r-xp 00000000 08:01 9180203                    /lib/x86_64-linux-gnu/libnsl-2.27.so
7fe46fdfd000-7fe46fffc000 ---p 00017000 08:01 9180203                    /lib/x86_64-linux-gnu/libnsl-2.27.so
7fe46fffc000-7fe46fffd000 r--p 00016000 08:01 9180203                    /lib/x86_64-linux-gnu/libnsl-2.27.so
7fe46fffd000-7fe46fffe000 rw-p 00017000 08:01 9180203                    /lib/x86_64-linux-gnu/libnsl-2.27.so
7fe46fffe000-7fe470000000 rw-p 00000000 00:00 0 
7fe470000000-7fe47191f000 rw-p 00000000 00:00 0 
7fe47191f000-7fe474000000 ---p 00000000 00:00 0 
7fe474000000-7fe474002000 r--s 0000f000 08:01 14681439                   /tmp/payaramicro-rt2800257946831508090tmp/runtime/jboss-logging.jar
7fe474002000-7fe474003000 r--s 00003000 08:01 14681600                   /tmp/payaramicro-rt2800257946831508090tmp/runtime/scattered-archive-api.jar
7fe474003000-7fe47400b000 r--s 00028000 08:01 14681341                   /tmp/payaramicro-rt2800257946831508090tmp/runtime/glassfish-api.jar
7fe47400b000-7fe474016000 r--s 00077000 08:01 14681310                   /tmp/payaramicro-rt2800257946831508090tmp/runtime/common-util.jar
7fe474016000-7fe47401c000 r--s 00055000 08:01 14681299                   /tmp/payaramicro-rt2800257946831508090tmp/runtime/asm-repackaged.jar
7fe47401c000-7fe47401f000 r--s 00013000 08:01 14681307                   /tmp/payaramicro-rt2800257946831508090tmp/runtime/class-model.jar
7fe47401f000-7fe474022000 r--s 0000c000 08:01 14681383                   /tmp/payaramicro-rt2800257946831508090tmp/runtime/hk2-runlevel.jar
7fe474022000-7fe47402c000 r--s 000b4000 08:01 14681419                   /tmp/payaramicro-rt2800257946831508090tmp/runtime/javassist.jar
7fe47402c000-7fe474030000 r--s 0002b000 08:01 14681382                   /tmp/payaramicro-rt2800257946831508090tmp/runtime/hk2-locator.jar
7fe474030000-7fe474033000 r--s 0001a000 08:01 14681380                   /tmp/payaramicro-rt2800257946831508090tmp/runtime/hk2-core.jar
7fe474033000-7fe474035000 r--s 00002000 08:01 14681294                   /tmp/payaramicro-rt2800257946831508090tmp/runtime/aopalliance-repackaged.jar
7fe474035000-7fe47403a000 r--s 00029000 08:01 14681378                   /tmp/payaramicro-rt2800257946831508090tmp/runtime/hk2-api.jar
7fe47403a000-7fe47403b000 r--s 00001000 08:01 14681425                   /tmp/payaramicro-rt2800257946831508090tmp/runtime/javax.inject.jar
7fe47403b000-7fe47403d000 r--s 00005000 08:01 14681420                   /tmp/payaramicro-rt2800257946831508090tmp/runtime/javax.annotation-api.jar
7fe47403d000-7fe474041000 r--s 0001e000 08:01 14681384                   /tmp/payaramicro-rt2800257946831508090tmp/runtime/hk2-utils.jar
7fe474041000-7fe474042000 r--s 00000000 08:01 14681385                   /tmp/payaramicro-rt2800257946831508090tmp/runtime/hk2.jar
7fe474042000-7fe474045000 r--s 0002b000 08:01 14681288                   /tmp/payaramicro-rt2800257946831508090tmp/runtime/admin-cli.jar
7fe474045000-7fe474047000 r--s 00006000 08:01 14681287                   /tmp/payaramicro-rt2800257946831508090tmp/runtime/accessors-smart.jar
7fe474047000-7fe47404c000 r--s 000a3000 08:01 525125                     /usr/local/jdk8u222-b10/jre/lib/jsse.jar
7fe47404c000-7fe474057000 r-xp 00000000 08:01 9180220                    /lib/x86_64-linux-gnu/libnss_nis-2.27.so
7fe474057000-7fe474256000 ---p 0000b000 08:01 9180220                    /lib/x86_64-linux-gnu/libnss_nis-2.27.so
7fe474256000-7fe474257000 r--p 0000a000 08:01 9180220                    /lib/x86_64-linux-gnu/libnss_nis-2.27.so
7fe474257000-7fe474258000 rw-p 0000b000 08:01 9180220                    /lib/x86_64-linux-gnu/libnss_nis-2.27.so
7fe474258000-7fe474260000 r-xp 00000000 08:01 9180205                    /lib/x86_64-linux-gnu/libnss_compat-2.27.so
7fe474260000-7fe474460000 ---p 00008000 08:01 9180205                    /lib/x86_64-linux-gnu/libnss_compat-2.27.so
7fe474460000-7fe474461000 r--p 00008000 08:01 9180205                    /lib/x86_64-linux-gnu/libnss_compat-2.27.so
7fe474461000-7fe474462000 rw-p 00009000 08:01 9180205                    /lib/x86_64-linux-gnu/libnss_compat-2.27.so
7fe474462000-7fe47448b000 r-xp 00000000 08:01 525146                     /usr/local/jdk8u222-b10/jre/lib/amd64/libjava.so
7fe47448b000-7fe47468a000 ---p 00029000 08:01 525146                     /usr/local/jdk8u222-b10/jre/lib/amd64/libjava.so
7fe47468a000-7fe47468b000 r--p 00028000 08:01 525146                     /usr/local/jdk8u222-b10/jre/lib/amd64/libjava.so
7fe47468b000-7fe47468d000 rw-p 00029000 08:01 525146                     /usr/local/jdk8u222-b10/jre/lib/amd64/libjava.so
7fe47468d000-7fe47469d000 r-xp 00000000 08:01 525148                     /usr/local/jdk8u222-b10/jre/lib/amd64/libverify.so
7fe47469d000-7fe47489c000 ---p 00010000 08:01 525148                     /usr/local/jdk8u222-b10/jre/lib/amd64/libverify.so
7fe47489c000-7fe47489e000 r--p 0000f000 08:01 525148                     /usr/local/jdk8u222-b10/jre/lib/amd64/libverify.so
7fe47489e000-7fe47489f000 rw-p 00011000 08:01 525148                     /usr/local/jdk8u222-b10/jre/lib/amd64/libverify.so
7fe47489f000-7fe4748a6000 r-xp 00000000 08:01 9180260                    /lib/x86_64-linux-gnu/librt-2.27.so
7fe4748a6000-7fe474aa5000 ---p 00007000 08:01 9180260                    /lib/x86_64-linux-gnu/librt-2.27.so
7fe474aa5000-7fe474aa6000 r--p 00006000 08:01 9180260                    /lib/x86_64-linux-gnu/librt-2.27.so
7fe474aa6000-7fe474aa7000 rw-p 00007000 08:01 9180260                    /lib/x86_64-linux-gnu/librt-2.27.so
7fe474aa7000-7fe474c44000 r-xp 00000000 08:01 9180182                    /lib/x86_64-linux-gnu/libm-2.27.so
7fe474c44000-7fe474e43000 ---p 0019d000 08:01 9180182                    /lib/x86_64-linux-gnu/libm-2.27.so
7fe474e43000-7fe474e44000 r--p 0019c000 08:01 9180182                    /lib/x86_64-linux-gnu/libm-2.27.so
7fe474e44000-7fe474e45000 rw-p 0019d000 08:01 9180182                    /lib/x86_64-linux-gnu/libm-2.27.so
7fe474e45000-7fe475a50000 r-xp 00000000 08:01 525153                     /usr/local/jdk8u222-b10/jre/lib/amd64/server/libjvm.so
7fe475a50000-7fe475c50000 ---p 00c0b000 08:01 525153                     /usr/local/jdk8u222-b10/jre/lib/amd64/server/libjvm.so
7fe475c50000-7fe475cf0000 r--p 00c0b000 08:01 525153                     /usr/local/jdk8u222-b10/jre/lib/amd64/server/libjvm.so
7fe475cf0000-7fe475d19000 rw-p 00cab000 08:01 525153                     /usr/local/jdk8u222-b10/jre/lib/amd64/server/libjvm.so
7fe475d19000-7fe475d5d000 rw-p 00000000 00:00 0 
7fe475d5d000-7fe475f44000 r-xp 00000000 08:01 9180119                    /lib/x86_64-linux-gnu/libc-2.27.so
7fe475f44000-7fe476144000 ---p 001e7000 08:01 9180119                    /lib/x86_64-linux-gnu/libc-2.27.so
7fe476144000-7fe476148000 r--p 001e7000 08:01 9180119                    /lib/x86_64-linux-gnu/libc-2.27.so
7fe476148000-7fe47614a000 rw-p 001eb000 08:01 9180119                    /lib/x86_64-linux-gnu/libc-2.27.so
7fe47614a000-7fe47614e000 rw-p 00000000 00:00 0 
7fe47614e000-7fe476151000 r-xp 00000000 08:01 9180142                    /lib/x86_64-linux-gnu/libdl-2.27.so
7fe476151000-7fe476350000 ---p 00003000 08:01 9180142                    /lib/x86_64-linux-gnu/libdl-2.27.so
7fe476350000-7fe476351000 r--p 00002000 08:01 9180142                    /lib/x86_64-linux-gnu/libdl-2.27.so
7fe476351000-7fe476352000 rw-p 00003000 08:01 9180142                    /lib/x86_64-linux-gnu/libdl-2.27.so
7fe476352000-7fe476368000 r-xp 00000000 08:01 525214                     /usr/local/jdk8u222-b10/lib/amd64/jli/libjli.so
7fe476368000-7fe476567000 ---p 00016000 08:01 525214                     /usr/local/jdk8u222-b10/lib/amd64/jli/libjli.so
7fe476567000-7fe476568000 r--p 00015000 08:01 525214                     /usr/local/jdk8u222-b10/lib/amd64/jli/libjli.so
7fe476568000-7fe476569000 rw-p 00016000 08:01 525214                     /usr/local/jdk8u222-b10/lib/amd64/jli/libjli.so
7fe476569000-7fe476583000 r-xp 00000000 08:01 9180252                    /lib/x86_64-linux-gnu/libpthread-2.27.so
7fe476583000-7fe476782000 ---p 0001a000 08:01 9180252                    /lib/x86_64-linux-gnu/libpthread-2.27.so
7fe476782000-7fe476783000 r--p 00019000 08:01 9180252                    /lib/x86_64-linux-gnu/libpthread-2.27.so
7fe476783000-7fe476784000 rw-p 0001a000 08:01 9180252                    /lib/x86_64-linux-gnu/libpthread-2.27.so
7fe476784000-7fe476788000 rw-p 00000000 00:00 0 
7fe476788000-7fe4767af000 r-xp 00000000 08:01 9180091                    /lib/x86_64-linux-gnu/ld-2.27.so
7fe4767af000-7fe4767b0000 r--s 00029000 08:01 14681286                   /tmp/payaramicro-rt2800257946831508090tmp/runtime/__xa_jdbc_ra.rar
7fe4767b0000-7fe4767b1000 r--s 00029000 08:01 14681285                   /tmp/payaramicro-rt2800257946831508090tmp/runtime/__ds_jdbc_ra.rar
7fe4767b1000-7fe4767b2000 r--s 00029000 08:01 14681284                   /tmp/payaramicro-rt2800257946831508090tmp/runtime/__dm_jdbc_ra.rar
7fe4767b2000-7fe4767b3000 r--s 00029000 08:01 14681283                   /tmp/payaramicro-rt2800257946831508090tmp/runtime/__cp_jdbc_ra.rar
7fe4767b3000-7fe476897000 rw-p 00000000 00:00 0 
7fe476897000-7fe476898000 ---p 00000000 00:00 0 
7fe476898000-7fe47689b000 ---p 00000000 00:00 0 
7fe47689b000-7fe47699c000 rw-p 00000000 00:00 0 
7fe47699c000-7fe4769a5000 r--s 04bac000 08:01 4588740                    /home/avbravo/.m2/repository/fish/payara/extras/payara-micro/5.193/payara-micro-5.193.jar
7fe4769a5000-7fe4769ad000 rw-s 00000000 08:01 14551669                   /tmp/hsperfdata_avbravo/9086
7fe4769ad000-7fe4769ae000 rw-p 00000000 00:00 0 
7fe4769ae000-7fe4769af000 ---p 00000000 00:00 0 
7fe4769af000-7fe4769b0000 r--p 00027000 08:01 9180091                    /lib/x86_64-linux-gnu/ld-2.27.so
7fe4769b0000-7fe4769b1000 rw-p 00028000 08:01 9180091                    /lib/x86_64-linux-gnu/ld-2.27.so
7fe4769b1000-7fe4769b2000 rw-p 00000000 00:00 0 
7fffed382000-7fffed3a3000 rw-p 00000000 00:00 0                          [stack]
7fffed3b8000-7fffed3bb000 r--p 00000000 00:00 0                          [vvar]
7fffed3bb000-7fffed3bc000 r-xp 00000000 00:00 0                          [vdso]
ffffffffff600000-ffffffffff601000 r-xp 00000000 00:00 0                  [vsyscall]

VM Arguments:
jvm_args: -Dgav=com.avbravo:microserviciosfiscalcliente:1.0-SNAPSHOT 
java_command: /home/avbravo/.m2/repository/fish/payara/extras/payara-micro/5.193/payara-micro-5.193.jar --contextroot / --autoBindHttp --deploy /home/avbravo/NetBeansProjects/microserviciosfiscalcliente/microserviciosfiscalcliente/target/microserviciosfiscalcliente-1.0-SNAPSHOT
java_class_path (initial): /home/avbravo/.m2/repository/fish/payara/extras/payara-micro/5.193/payara-micro-5.193.jar
Launcher Type: SUN_STANDARD

Environment Variables:
JAVA_HOME=/usr/local/jdk8u222-b10
JRE_HOME=/usr/local/jdk8u222-b10/jre
PATH=/usr/local/sbin:/usr/local/bin:/usr/sbin:/usr/bin:/sbin:/bin:/usr/games:/usr/local/games:/snap/bin:/usr/local/jdk8u222-b10/bin:/home/avbravo/netbeans11.1/java/maven/bin:/home/avbravo/mongodb/bin
USERNAME=avbravo
SHELL=/bin/bash
DISPLAY=:0

Signal Handlers:
SIGSEGV: [libjvm.so+0x9f7b80], sa_mask[0]=11111111011111111101111111111110, sa_flags=SA_RESTART|SA_SIGINFO
SIGBUS: [libjvm.so+0x9f7b80], sa_mask[0]=11111111011111111101111111111110, sa_flags=SA_RESTART|SA_SIGINFO
SIGFPE: [libjvm.so+0x85a040], sa_mask[0]=11111111011111111101111111111110, sa_flags=SA_RESTART|SA_SIGINFO
SIGPIPE: [libjvm.so+0x85a040], sa_mask[0]=11111111011111111101111111111110, sa_flags=SA_RESTART|SA_SIGINFO
SIGXFSZ: [libjvm.so+0x85a040], sa_mask[0]=11111111011111111101111111111110, sa_flags=SA_RESTART|SA_SIGINFO
SIGILL: [libjvm.so+0x85a040], sa_mask[0]=11111111011111111101111111111110, sa_flags=SA_RESTART|SA_SIGINFO
SIGUSR1: SIG_DFL, sa_mask[0]=00000000000000000000000000000000, sa_flags=none
SIGUSR2: [libjvm.so+0x859f10], sa_mask[0]=00100000000000000000000000000000, sa_flags=SA_RESTART|SA_SIGINFO
SIGHUP: [libjvm.so+0x85a100], sa_mask[0]=11111111011111111101111111111110, sa_flags=SA_RESTART|SA_SIGINFO
SIGINT: SIG_IGN, sa_mask[0]=00000000000000000000000000000000, sa_flags=none
SIGTERM: [libjvm.so+0x85a100], sa_mask[0]=11111111011111111101111111111110, sa_flags=SA_RESTART|SA_SIGINFO
SIGQUIT: [libjvm.so+0x85a100], sa_mask[0]=11111111011111111101111111111110, sa_flags=SA_RESTART|SA_SIGINFO


---------------  S Y S T E M  ---------------

OS:DISTRIB_ID=Ubuntu
DISTRIB_RELEASE=18.04
DISTRIB_CODENAME=bionic
DISTRIB_DESCRIPTION="Ubuntu 18.04.3 LTS"

uname:Linux 5.0.0-36-generic #39~18.04.1-Ubuntu SMP Tue Nov 12 11:09:50 UTC 2019 x86_64
libc:glibc 2.27 NPTL 2.27 
rlimit: STACK 8192k, CORE 0k, NPROC 14778, NOFILE 4096, AS infinity
load average:3.04 5.64 4.77

/proc/meminfo:
MemTotal:        3831488 kB
MemFree:          110064 kB
MemAvailable:      28516 kB
Buffers:             476 kB
Cached:           251696 kB
SwapCached:         2256 kB
Active:          2864080 kB
Inactive:         585980 kB
Active(anon):    2853292 kB
Inactive(anon):   570536 kB
Active(file):      10788 kB
Inactive(file):    15444 kB
Unevictable:         364 kB
Mlocked:              48 kB
SwapTotal:       2097148 kB
SwapFree:              0 kB
Dirty:               140 kB
Writeback:             0 kB
AnonPages:       3197808 kB
Mapped:            65908 kB
Shmem:            225944 kB
KReclaimable:      53556 kB
Slab:             117532 kB
SReclaimable:      53556 kB
SUnreclaim:        63976 kB
KernelStack:       18608 kB
PageTables:        72040 kB
NFS_Unstable:          0 kB
Bounce:                0 kB
WritebackTmp:          0 kB
CommitLimit:     4012892 kB
Committed_AS:   12371884 kB
VmallocTotal:   34359738367 kB
VmallocUsed:           0 kB
VmallocChunk:          0 kB
Percpu:             2432 kB
HardwareCorrupted:     0 kB
AnonHugePages:         0 kB
ShmemHugePages:        0 kB
ShmemPmdMapped:        0 kB
CmaTotal:              0 kB
CmaFree:               0 kB
HugePages_Total:       0
HugePages_Free:        0
HugePages_Rsvd:        0
HugePages_Surp:        0
Hugepagesize:       2048 kB
Hugetlb:               0 kB
DirectMap4k:      323840 kB
DirectMap2M:     3663872 kB

container (cgroup) information:
container_type: cgroupv1
cpu_cpuset_cpus: 0-3
cpu_memory_nodes: 0
active_processor_count: 4
cpu_quota: -1
cpu_period: 100000
cpu_shares: -1
memory_limit_in_bytes: -1
memory_and_swap_limit_in_bytes: -2
memory_soft_limit_in_bytes: -1
memory_usage_in_bytes: 3533426688
memory_max_usage_in_bytes: 717271040


CPU:total 4 (initial active 4) (2 cores per cpu, 2 threads per core) family 6 model 37 stepping 5, cmov, cx8, fxsr, mmx, sse, sse2, sse3, ssse3, sse4.1, sse4.2, popcnt, ht, tsc, tscinvbit

/proc/cpuinfo:
processor	: 0
vendor_id	: GenuineIntel
cpu family	: 6
model		: 37
model name	: Intel(R) Core(TM) i3 CPU       M 380  @ 2.53GHz
stepping	: 5
microcode	: 0x7
cpu MHz		: 2527.084
cache size	: 3072 KB
physical id	: 0
siblings	: 4
core id		: 0
cpu cores	: 2
apicid		: 0
initial apicid	: 0
fpu		: yes
fpu_exception	: yes
cpuid level	: 11
wp		: yes
flags		: fpu vme de pse tsc msr pae mce cx8 apic sep mtrr pge mca cmov pat pse36 clflush dts acpi mmx fxsr sse sse2 ss ht tm pbe syscall nx rdtscp lm constant_tsc arch_perfmon pebs bts rep_good nopl xtopology nonstop_tsc cpuid aperfmperf pni dtes64 monitor ds_cpl vmx est tm2 ssse3 cx16 xtpr pdcm pcid sse4_1 sse4_2 popcnt lahf_lm pti ssbd ibrs ibpb stibp tpr_shadow vnmi flexpriority ept vpid dtherm arat flush_l1d
bugs		: cpu_meltdown spectre_v1 spectre_v2 spec_store_bypass l1tf mds swapgs itlb_multihit
bogomips	: 5054.10
clflush size	: 64
cache_alignment	: 64
address sizes	: 36 bits physical, 48 bits virtual
power management:

processor	: 1
vendor_id	: GenuineIntel
cpu family	: 6
model		: 37
model name	: Intel(R) Core(TM) i3 CPU       M 380  @ 2.53GHz
stepping	: 5
microcode	: 0x7
cpu MHz		: 2527.061
cache size	: 3072 KB
physical id	: 0
siblings	: 4
core id		: 0
cpu cores	: 2
apicid		: 1
initial apicid	: 1
fpu		: yes
fpu_exception	: yes
cpuid level	: 11
wp		: yes
flags		: fpu vme de pse tsc msr pae mce cx8 apic sep mtrr pge mca cmov pat pse36 clflush dts acpi mmx fxsr sse sse2 ss ht tm pbe syscall nx rdtscp lm constant_tsc arch_perfmon pebs bts rep_good nopl xtopology nonstop_tsc cpuid aperfmperf pni dtes64 monitor ds_cpl vmx est tm2 ssse3 cx16 xtpr pdcm pcid sse4_1 sse4_2 popcnt lahf_lm pti ssbd ibrs ibpb stibp tpr_shadow vnmi flexpriority ept vpid dtherm arat flush_l1d
bugs		: cpu_meltdown spectre_v1 spectre_v2 spec_store_bypass l1tf mds swapgs itlb_multihit
bogomips	: 5054.10
clflush size	: 64
cache_alignment	: 64
address sizes	: 36 bits physical, 48 bits virtual
power management:

processor	: 2
vendor_id	: GenuineIntel
cpu family	: 6
model		: 37
model name	: Intel(R) Core(TM) i3 CPU       M 380  @ 2.53GHz
stepping	: 5
microcode	: 0x7
cpu MHz		: 2527.063
cache size	: 3072 KB
physical id	: 0
siblings	: 4
core id		: 2
cpu cores	: 2
apicid		: 4
initial apicid	: 4
fpu		: yes
fpu_exception	: yes
cpuid level	: 11
wp		: yes
flags		: fpu vme de pse tsc msr pae mce cx8 apic sep mtrr pge mca cmov pat pse36 clflush dts acpi mmx fxsr sse sse2 ss ht tm pbe syscall nx rdtscp lm constant_tsc arch_perfmon pebs bts rep_good nopl xtopology nonstop_tsc cpuid aperfmperf pni dtes64 monitor ds_cpl vmx est tm2 ssse3 cx16 xtpr pdcm pcid sse4_1 sse4_2 popcnt lahf_lm pti ssbd ibrs ibpb stibp tpr_shadow vnmi flexpriority ept vpid dtherm arat flush_l1d
bugs		: cpu_meltdown spectre_v1 spectre_v2 spec_store_bypass l1tf mds swapgs itlb_multihit
bogomips	: 5054.10
clflush size	: 64
cache_alignment	: 64
address sizes	: 36 bits physical, 48 bits virtual
power management:

processor	: 3
vendor_id	: GenuineIntel
cpu family	: 6
model		: 37
model name	: Intel(R) Core(TM) i3 CPU       M 380  @ 2.53GHz
stepping	: 5
microcode	: 0x7
cpu MHz		: 2527.050
cache size	: 3072 KB
physical id	: 0
siblings	: 4
core id		: 2
cpu cores	: 2
apicid		: 5
initial apicid	: 5
fpu		: yes
fpu_exception	: yes
cpuid level	: 11
wp		: yes
flags		: fpu vme de pse tsc msr pae mce cx8 apic sep mtrr pge mca cmov pat pse36 clflush dts acpi mmx fxsr sse sse2 ss ht tm pbe syscall nx rdtscp lm constant_tsc arch_perfmon pebs bts rep_good nopl xtopology nonstop_tsc cpuid aperfmperf pni dtes64 monitor ds_cpl vmx est tm2 ssse3 cx16 xtpr pdcm pcid sse4_1 sse4_2 popcnt lahf_lm pti ssbd ibrs ibpb stibp tpr_shadow vnmi flexpriority ept vpid dtherm arat flush_l1d
bugs		: cpu_meltdown spectre_v1 spectre_v2 spec_store_bypass l1tf mds swapgs itlb_multihit
bogomips	: 5054.10
clflush size	: 64
cache_alignment	: 64
address sizes	: 36 bits physical, 48 bits virtual
power management:



Memory: 4k page, physical 3831488k(107544k free), swap 2097148k(0k free)

vm_info: OpenJDK 64-Bit Server VM (25.222-b10) for linux-amd64 JRE (1.8.0_222-b10), built on Jul 17 2019 08:11:48 by "jenkins" with gcc 4.8.2 20140120 (Red Hat 4.8.2-15)

time: Thu Nov 21 21:14:47 2019
timezone: EST
elapsed time: 9 seconds (0d 0h 0m 9s)

